[2023-09-11 13:17:42] local.ERROR: SQLSTATE[42P01]: Undefined table: 7 ERROR:  relation "clientes" does not exist
LINE 1: select count(*) as aggregate from "clientes" where "email" =...
                                          ^ (SQL: select count(*) as aggregate from "clientes" where "email" = Lucas@gmail.com) {"exception":"[object] (Illuminate\\Database\\QueryException(code: 42P01): SQLSTATE[42P01]: Undefined table: 7 ERROR:  relation \"clientes\" does not exist
LINE 1: select count(*) as aggregate from \"clientes\" where \"email\" =...
                                          ^ (SQL: select count(*) as aggregate from \"clientes\" where \"email\" = Lucas@gmail.com) at /home/leonardo/projeto/api-lumen/vendor/illuminate/database/Connection.php:712)
[stacktrace]
#0 /home/leonardo/projeto/api-lumen/vendor/illuminate/database/Connection.php(672): Illuminate\\Database\\Connection->runQueryCallback()
#1 /home/leonardo/projeto/api-lumen/vendor/illuminate/database/Connection.php(376): Illuminate\\Database\\Connection->run()
#2 /home/leonardo/projeto/api-lumen/vendor/illuminate/database/Query/Builder.php(2414): Illuminate\\Database\\Connection->select()
#3 /home/leonardo/projeto/api-lumen/vendor/illuminate/database/Query/Builder.php(2402): Illuminate\\Database\\Query\\Builder->runSelect()
#4 /home/leonardo/projeto/api-lumen/vendor/illuminate/database/Query/Builder.php(2936): Illuminate\\Database\\Query\\Builder->Illuminate\\Database\\Query\\{closure}()
#5 /home/leonardo/projeto/api-lumen/vendor/illuminate/database/Query/Builder.php(2403): Illuminate\\Database\\Query\\Builder->onceWithColumns()
#6 /home/leonardo/projeto/api-lumen/vendor/illuminate/database/Query/Builder.php(2863): Illuminate\\Database\\Query\\Builder->get()
#7 /home/leonardo/projeto/api-lumen/vendor/illuminate/database/Query/Builder.php(2791): Illuminate\\Database\\Query\\Builder->aggregate()
#8 /home/leonardo/projeto/api-lumen/vendor/illuminate/validation/DatabasePresenceVerifier.php(55): Illuminate\\Database\\Query\\Builder->count()
#9 /home/leonardo/projeto/api-lumen/vendor/illuminate/validation/Concerns/ValidatesAttributes.php(856): Illuminate\\Validation\\DatabasePresenceVerifier->getCount()
#10 /home/leonardo/projeto/api-lumen/vendor/illuminate/validation/Validator.php(610): Illuminate\\Validation\\Validator->validateUnique()
#11 /home/leonardo/projeto/api-lumen/vendor/illuminate/validation/Validator.php(416): Illuminate\\Validation\\Validator->validateAttribute()
#12 /home/leonardo/projeto/api-lumen/vendor/illuminate/validation/Validator.php(447): Illuminate\\Validation\\Validator->passes()
#13 /home/leonardo/projeto/api-lumen/app/Http/Controllers/ClienteController.php(41): Illuminate\\Validation\\Validator->fails()
#14 /home/leonardo/projeto/api-lumen/vendor/illuminate/container/BoundMethod.php(36): App\\Http\\Controllers\\ClienteController->store()
#15 /home/leonardo/projeto/api-lumen/vendor/illuminate/container/Util.php(40): Illuminate\\Container\\BoundMethod::Illuminate\\Container\\{closure}()
#16 /home/leonardo/projeto/api-lumen/vendor/illuminate/container/BoundMethod.php(93): Illuminate\\Container\\Util::unwrapIfClosure()
#17 /home/leonardo/projeto/api-lumen/vendor/illuminate/container/BoundMethod.php(37): Illuminate\\Container\\BoundMethod::callBoundMethod()
#18 /home/leonardo/projeto/api-lumen/vendor/illuminate/container/Container.php(653): Illuminate\\Container\\BoundMethod::call()
#19 /home/leonardo/projeto/api-lumen/vendor/laravel/lumen-framework/src/Concerns/RoutesRequests.php(389): Illuminate\\Container\\Container->call()
#20 /home/leonardo/projeto/api-lumen/vendor/laravel/lumen-framework/src/Concerns/RoutesRequests.php(332): Laravel\\Lumen\\Application->callControllerCallable()
#21 /home/leonardo/projeto/api-lumen/vendor/laravel/lumen-framework/src/Concerns/RoutesRequests.php(282): Laravel\\Lumen\\Application->callControllerAction()
#22 /home/leonardo/projeto/api-lumen/vendor/laravel/lumen-framework/src/Concerns/RoutesRequests.php(267): Laravel\\Lumen\\Application->callActionOnArrayBasedRoute()
#23 /home/leonardo/projeto/api-lumen/vendor/laravel/lumen-framework/src/Concerns/RoutesRequests.php(169): Laravel\\Lumen\\Application->handleFoundRoute()
#24 /home/leonardo/projeto/api-lumen/vendor/laravel/lumen-framework/src/Routing/Pipeline.php(48): Laravel\\Lumen\\Application->Laravel\\Lumen\\Concerns\\{closure}()
#25 /home/leonardo/projeto/api-lumen/app/Http/Middleware/CorsMiddleware.php(34): Laravel\\Lumen\\Routing\\Pipeline->Laravel\\Lumen\\Routing\\{closure}()
#26 /home/leonardo/projeto/api-lumen/vendor/illuminate/pipeline/Pipeline.php(167): App\\Http\\Middleware\\CorsMiddleware->handle()
#27 /home/leonardo/projeto/api-lumen/vendor/laravel/lumen-framework/src/Routing/Pipeline.php(30): Illuminate\\Pipeline\\Pipeline->Illuminate\\Pipeline\\{closure}()
#28 /home/leonardo/projeto/api-lumen/vendor/illuminate/pipeline/Pipeline.php(103): Laravel\\Lumen\\Routing\\Pipeline->Laravel\\Lumen\\Routing\\{closure}()
#29 /home/leonardo/projeto/api-lumen/vendor/laravel/lumen-framework/src/Concerns/RoutesRequests.php(426): Illuminate\\Pipeline\\Pipeline->then()
#30 /home/leonardo/projeto/api-lumen/vendor/laravel/lumen-framework/src/Concerns/RoutesRequests.php(175): Laravel\\Lumen\\Application->sendThroughPipeline()
#31 /home/leonardo/projeto/api-lumen/vendor/laravel/lumen-framework/src/Concerns/RoutesRequests.php(112): Laravel\\Lumen\\Application->dispatch()
#32 /home/leonardo/projeto/api-lumen/public/index.php(28): Laravel\\Lumen\\Application->run()
#33 {main}

[previous exception] [object] (PDOException(code: 42P01): SQLSTATE[42P01]: Undefined table: 7 ERROR:  relation \"clientes\" does not exist
LINE 1: select count(*) as aggregate from \"clientes\" where \"email\" =...
                                          ^ at /home/leonardo/projeto/api-lumen/vendor/illuminate/database/Connection.php:373)
[stacktrace]
#0 /home/leonardo/projeto/api-lumen/vendor/illuminate/database/Connection.php(373): PDOStatement->execute()
#1 /home/leonardo/projeto/api-lumen/vendor/illuminate/database/Connection.php(705): Illuminate\\Database\\Connection->Illuminate\\Database\\{closure}()
#2 /home/leonardo/projeto/api-lumen/vendor/illuminate/database/Connection.php(672): Illuminate\\Database\\Connection->runQueryCallback()
#3 /home/leonardo/projeto/api-lumen/vendor/illuminate/database/Connection.php(376): Illuminate\\Database\\Connection->run()
#4 /home/leonardo/projeto/api-lumen/vendor/illuminate/database/Query/Builder.php(2414): Illuminate\\Database\\Connection->select()
#5 /home/leonardo/projeto/api-lumen/vendor/illuminate/database/Query/Builder.php(2402): Illuminate\\Database\\Query\\Builder->runSelect()
#6 /home/leonardo/projeto/api-lumen/vendor/illuminate/database/Query/Builder.php(2936): Illuminate\\Database\\Query\\Builder->Illuminate\\Database\\Query\\{closure}()
#7 /home/leonardo/projeto/api-lumen/vendor/illuminate/database/Query/Builder.php(2403): Illuminate\\Database\\Query\\Builder->onceWithColumns()
#8 /home/leonardo/projeto/api-lumen/vendor/illuminate/database/Query/Builder.php(2863): Illuminate\\Database\\Query\\Builder->get()
#9 /home/leonardo/projeto/api-lumen/vendor/illuminate/database/Query/Builder.php(2791): Illuminate\\Database\\Query\\Builder->aggregate()
#10 /home/leonardo/projeto/api-lumen/vendor/illuminate/validation/DatabasePresenceVerifier.php(55): Illuminate\\Database\\Query\\Builder->count()
#11 /home/leonardo/projeto/api-lumen/vendor/illuminate/validation/Concerns/ValidatesAttributes.php(856): Illuminate\\Validation\\DatabasePresenceVerifier->getCount()
#12 /home/leonardo/projeto/api-lumen/vendor/illuminate/validation/Validator.php(610): Illuminate\\Validation\\Validator->validateUnique()
#13 /home/leonardo/projeto/api-lumen/vendor/illuminate/validation/Validator.php(416): Illuminate\\Validation\\Validator->validateAttribute()
#14 /home/leonardo/projeto/api-lumen/vendor/illuminate/validation/Validator.php(447): Illuminate\\Validation\\Validator->passes()
#15 /home/leonardo/projeto/api-lumen/app/Http/Controllers/ClienteController.php(41): Illuminate\\Validation\\Validator->fails()
#16 /home/leonardo/projeto/api-lumen/vendor/illuminate/container/BoundMethod.php(36): App\\Http\\Controllers\\ClienteController->store()
#17 /home/leonardo/projeto/api-lumen/vendor/illuminate/container/Util.php(40): Illuminate\\Container\\BoundMethod::Illuminate\\Container\\{closure}()
#18 /home/leonardo/projeto/api-lumen/vendor/illuminate/container/BoundMethod.php(93): Illuminate\\Container\\Util::unwrapIfClosure()
#19 /home/leonardo/projeto/api-lumen/vendor/illuminate/container/BoundMethod.php(37): Illuminate\\Container\\BoundMethod::callBoundMethod()
#20 /home/leonardo/projeto/api-lumen/vendor/illuminate/container/Container.php(653): Illuminate\\Container\\BoundMethod::call()
#21 /home/leonardo/projeto/api-lumen/vendor/laravel/lumen-framework/src/Concerns/RoutesRequests.php(389): Illuminate\\Container\\Container->call()
#22 /home/leonardo/projeto/api-lumen/vendor/laravel/lumen-framework/src/Concerns/RoutesRequests.php(332): Laravel\\Lumen\\Application->callControllerCallable()
#23 /home/leonardo/projeto/api-lumen/vendor/laravel/lumen-framework/src/Concerns/RoutesRequests.php(282): Laravel\\Lumen\\Application->callControllerAction()
#24 /home/leonardo/projeto/api-lumen/vendor/laravel/lumen-framework/src/Concerns/RoutesRequests.php(267): Laravel\\Lumen\\Application->callActionOnArrayBasedRoute()
#25 /home/leonardo/projeto/api-lumen/vendor/laravel/lumen-framework/src/Concerns/RoutesRequests.php(169): Laravel\\Lumen\\Application->handleFoundRoute()
#26 /home/leonardo/projeto/api-lumen/vendor/laravel/lumen-framework/src/Routing/Pipeline.php(48): Laravel\\Lumen\\Application->Laravel\\Lumen\\Concerns\\{closure}()
#27 /home/leonardo/projeto/api-lumen/app/Http/Middleware/CorsMiddleware.php(34): Laravel\\Lumen\\Routing\\Pipeline->Laravel\\Lumen\\Routing\\{closure}()
#28 /home/leonardo/projeto/api-lumen/vendor/illuminate/pipeline/Pipeline.php(167): App\\Http\\Middleware\\CorsMiddleware->handle()
#29 /home/leonardo/projeto/api-lumen/vendor/laravel/lumen-framework/src/Routing/Pipeline.php(30): Illuminate\\Pipeline\\Pipeline->Illuminate\\Pipeline\\{closure}()
#30 /home/leonardo/projeto/api-lumen/vendor/illuminate/pipeline/Pipeline.php(103): Laravel\\Lumen\\Routing\\Pipeline->Laravel\\Lumen\\Routing\\{closure}()
#31 /home/leonardo/projeto/api-lumen/vendor/laravel/lumen-framework/src/Concerns/RoutesRequests.php(426): Illuminate\\Pipeline\\Pipeline->then()
#32 /home/leonardo/projeto/api-lumen/vendor/laravel/lumen-framework/src/Concerns/RoutesRequests.php(175): Laravel\\Lumen\\Application->sendThroughPipeline()
#33 /home/leonardo/projeto/api-lumen/vendor/laravel/lumen-framework/src/Concerns/RoutesRequests.php(112): Laravel\\Lumen\\Application->dispatch()
#34 /home/leonardo/projeto/api-lumen/public/index.php(28): Laravel\\Lumen\\Application->run()
#35 {main}
"} 
[2023-09-11 13:22:39] local.ERROR: Validation rule unique requires at least 1 parameters. {"exception":"[object] (InvalidArgumentException(code: 0): Validation rule unique requires at least 1 parameters. at /home/leonardo/projeto/api-lumen/vendor/illuminate/validation/Concerns/ValidatesAttributes.php:2136)
[stacktrace]
#0 /home/leonardo/projeto/api-lumen/vendor/illuminate/validation/Concerns/ValidatesAttributes.php(825): Illuminate\\Validation\\Validator->requireParameterCount()
#1 /home/leonardo/projeto/api-lumen/vendor/illuminate/validation/Validator.php(610): Illuminate\\Validation\\Validator->validateUnique()
#2 /home/leonardo/projeto/api-lumen/vendor/illuminate/validation/Validator.php(416): Illuminate\\Validation\\Validator->validateAttribute()
#3 /home/leonardo/projeto/api-lumen/vendor/illuminate/validation/Validator.php(447): Illuminate\\Validation\\Validator->passes()
#4 /home/leonardo/projeto/api-lumen/app/Http/Controllers/ClienteController.php(41): Illuminate\\Validation\\Validator->fails()
#5 /home/leonardo/projeto/api-lumen/vendor/illuminate/container/BoundMethod.php(36): App\\Http\\Controllers\\ClienteController->store()
#6 /home/leonardo/projeto/api-lumen/vendor/illuminate/container/Util.php(40): Illuminate\\Container\\BoundMethod::Illuminate\\Container\\{closure}()
#7 /home/leonardo/projeto/api-lumen/vendor/illuminate/container/BoundMethod.php(93): Illuminate\\Container\\Util::unwrapIfClosure()
#8 /home/leonardo/projeto/api-lumen/vendor/illuminate/container/BoundMethod.php(37): Illuminate\\Container\\BoundMethod::callBoundMethod()
#9 /home/leonardo/projeto/api-lumen/vendor/illuminate/container/Container.php(653): Illuminate\\Container\\BoundMethod::call()
#10 /home/leonardo/projeto/api-lumen/vendor/laravel/lumen-framework/src/Concerns/RoutesRequests.php(389): Illuminate\\Container\\Container->call()
#11 /home/leonardo/projeto/api-lumen/vendor/laravel/lumen-framework/src/Concerns/RoutesRequests.php(332): Laravel\\Lumen\\Application->callControllerCallable()
#12 /home/leonardo/projeto/api-lumen/vendor/laravel/lumen-framework/src/Concerns/RoutesRequests.php(282): Laravel\\Lumen\\Application->callControllerAction()
#13 /home/leonardo/projeto/api-lumen/vendor/laravel/lumen-framework/src/Concerns/RoutesRequests.php(267): Laravel\\Lumen\\Application->callActionOnArrayBasedRoute()
#14 /home/leonardo/projeto/api-lumen/vendor/laravel/lumen-framework/src/Concerns/RoutesRequests.php(169): Laravel\\Lumen\\Application->handleFoundRoute()
#15 /home/leonardo/projeto/api-lumen/vendor/laravel/lumen-framework/src/Routing/Pipeline.php(48): Laravel\\Lumen\\Application->Laravel\\Lumen\\Concerns\\{closure}()
#16 /home/leonardo/projeto/api-lumen/app/Http/Middleware/CorsMiddleware.php(34): Laravel\\Lumen\\Routing\\Pipeline->Laravel\\Lumen\\Routing\\{closure}()
#17 /home/leonardo/projeto/api-lumen/vendor/illuminate/pipeline/Pipeline.php(167): App\\Http\\Middleware\\CorsMiddleware->handle()
#18 /home/leonardo/projeto/api-lumen/vendor/laravel/lumen-framework/src/Routing/Pipeline.php(30): Illuminate\\Pipeline\\Pipeline->Illuminate\\Pipeline\\{closure}()
#19 /home/leonardo/projeto/api-lumen/vendor/illuminate/pipeline/Pipeline.php(103): Laravel\\Lumen\\Routing\\Pipeline->Laravel\\Lumen\\Routing\\{closure}()
#20 /home/leonardo/projeto/api-lumen/vendor/laravel/lumen-framework/src/Concerns/RoutesRequests.php(426): Illuminate\\Pipeline\\Pipeline->then()
#21 /home/leonardo/projeto/api-lumen/vendor/laravel/lumen-framework/src/Concerns/RoutesRequests.php(175): Laravel\\Lumen\\Application->sendThroughPipeline()
#22 /home/leonardo/projeto/api-lumen/vendor/laravel/lumen-framework/src/Concerns/RoutesRequests.php(112): Laravel\\Lumen\\Application->dispatch()
#23 /home/leonardo/projeto/api-lumen/public/index.php(28): Laravel\\Lumen\\Application->run()
#24 {main}
"} 
[2023-09-11 13:29:58] local.ERROR: SQLSTATE[42P01]: Undefined table: 7 ERROR:  relation "clientes" does not exist
LINE 1: select count(*) as aggregate from "clientes" where "email" =...
                                          ^ (SQL: select count(*) as aggregate from "clientes" where "email" = Lucas@gmail.com) {"exception":"[object] (Illuminate\\Database\\QueryException(code: 42P01): SQLSTATE[42P01]: Undefined table: 7 ERROR:  relation \"clientes\" does not exist
LINE 1: select count(*) as aggregate from \"clientes\" where \"email\" =...
                                          ^ (SQL: select count(*) as aggregate from \"clientes\" where \"email\" = Lucas@gmail.com) at /home/leonardo/projeto/api-lumen/vendor/illuminate/database/Connection.php:712)
[stacktrace]
#0 /home/leonardo/projeto/api-lumen/vendor/illuminate/database/Connection.php(672): Illuminate\\Database\\Connection->runQueryCallback()
#1 /home/leonardo/projeto/api-lumen/vendor/illuminate/database/Connection.php(376): Illuminate\\Database\\Connection->run()
#2 /home/leonardo/projeto/api-lumen/vendor/illuminate/database/Query/Builder.php(2414): Illuminate\\Database\\Connection->select()
#3 /home/leonardo/projeto/api-lumen/vendor/illuminate/database/Query/Builder.php(2402): Illuminate\\Database\\Query\\Builder->runSelect()
#4 /home/leonardo/projeto/api-lumen/vendor/illuminate/database/Query/Builder.php(2936): Illuminate\\Database\\Query\\Builder->Illuminate\\Database\\Query\\{closure}()
#5 /home/leonardo/projeto/api-lumen/vendor/illuminate/database/Query/Builder.php(2403): Illuminate\\Database\\Query\\Builder->onceWithColumns()
#6 /home/leonardo/projeto/api-lumen/vendor/illuminate/database/Query/Builder.php(2863): Illuminate\\Database\\Query\\Builder->get()
#7 /home/leonardo/projeto/api-lumen/vendor/illuminate/database/Query/Builder.php(2791): Illuminate\\Database\\Query\\Builder->aggregate()
#8 /home/leonardo/projeto/api-lumen/vendor/illuminate/validation/DatabasePresenceVerifier.php(55): Illuminate\\Database\\Query\\Builder->count()
#9 /home/leonardo/projeto/api-lumen/vendor/illuminate/validation/Concerns/ValidatesAttributes.php(856): Illuminate\\Validation\\DatabasePresenceVerifier->getCount()
#10 /home/leonardo/projeto/api-lumen/vendor/illuminate/validation/Validator.php(610): Illuminate\\Validation\\Validator->validateUnique()
#11 /home/leonardo/projeto/api-lumen/vendor/illuminate/validation/Validator.php(416): Illuminate\\Validation\\Validator->validateAttribute()
#12 /home/leonardo/projeto/api-lumen/vendor/illuminate/validation/Validator.php(447): Illuminate\\Validation\\Validator->passes()
#13 /home/leonardo/projeto/api-lumen/app/Http/Controllers/ClienteController.php(41): Illuminate\\Validation\\Validator->fails()
#14 /home/leonardo/projeto/api-lumen/vendor/illuminate/container/BoundMethod.php(36): App\\Http\\Controllers\\ClienteController->store()
#15 /home/leonardo/projeto/api-lumen/vendor/illuminate/container/Util.php(40): Illuminate\\Container\\BoundMethod::Illuminate\\Container\\{closure}()
#16 /home/leonardo/projeto/api-lumen/vendor/illuminate/container/BoundMethod.php(93): Illuminate\\Container\\Util::unwrapIfClosure()
#17 /home/leonardo/projeto/api-lumen/vendor/illuminate/container/BoundMethod.php(37): Illuminate\\Container\\BoundMethod::callBoundMethod()
#18 /home/leonardo/projeto/api-lumen/vendor/illuminate/container/Container.php(653): Illuminate\\Container\\BoundMethod::call()
#19 /home/leonardo/projeto/api-lumen/vendor/laravel/lumen-framework/src/Concerns/RoutesRequests.php(389): Illuminate\\Container\\Container->call()
#20 /home/leonardo/projeto/api-lumen/vendor/laravel/lumen-framework/src/Concerns/RoutesRequests.php(332): Laravel\\Lumen\\Application->callControllerCallable()
#21 /home/leonardo/projeto/api-lumen/vendor/laravel/lumen-framework/src/Concerns/RoutesRequests.php(282): Laravel\\Lumen\\Application->callControllerAction()
#22 /home/leonardo/projeto/api-lumen/vendor/laravel/lumen-framework/src/Concerns/RoutesRequests.php(267): Laravel\\Lumen\\Application->callActionOnArrayBasedRoute()
#23 /home/leonardo/projeto/api-lumen/vendor/laravel/lumen-framework/src/Concerns/RoutesRequests.php(169): Laravel\\Lumen\\Application->handleFoundRoute()
#24 /home/leonardo/projeto/api-lumen/vendor/laravel/lumen-framework/src/Routing/Pipeline.php(48): Laravel\\Lumen\\Application->Laravel\\Lumen\\Concerns\\{closure}()
#25 /home/leonardo/projeto/api-lumen/app/Http/Middleware/CorsMiddleware.php(34): Laravel\\Lumen\\Routing\\Pipeline->Laravel\\Lumen\\Routing\\{closure}()
#26 /home/leonardo/projeto/api-lumen/vendor/illuminate/pipeline/Pipeline.php(167): App\\Http\\Middleware\\CorsMiddleware->handle()
#27 /home/leonardo/projeto/api-lumen/vendor/laravel/lumen-framework/src/Routing/Pipeline.php(30): Illuminate\\Pipeline\\Pipeline->Illuminate\\Pipeline\\{closure}()
#28 /home/leonardo/projeto/api-lumen/vendor/illuminate/pipeline/Pipeline.php(103): Laravel\\Lumen\\Routing\\Pipeline->Laravel\\Lumen\\Routing\\{closure}()
#29 /home/leonardo/projeto/api-lumen/vendor/laravel/lumen-framework/src/Concerns/RoutesRequests.php(426): Illuminate\\Pipeline\\Pipeline->then()
#30 /home/leonardo/projeto/api-lumen/vendor/laravel/lumen-framework/src/Concerns/RoutesRequests.php(175): Laravel\\Lumen\\Application->sendThroughPipeline()
#31 /home/leonardo/projeto/api-lumen/vendor/laravel/lumen-framework/src/Concerns/RoutesRequests.php(112): Laravel\\Lumen\\Application->dispatch()
#32 /home/leonardo/projeto/api-lumen/public/index.php(28): Laravel\\Lumen\\Application->run()
#33 {main}

[previous exception] [object] (PDOException(code: 42P01): SQLSTATE[42P01]: Undefined table: 7 ERROR:  relation \"clientes\" does not exist
LINE 1: select count(*) as aggregate from \"clientes\" where \"email\" =...
                                          ^ at /home/leonardo/projeto/api-lumen/vendor/illuminate/database/Connection.php:373)
[stacktrace]
#0 /home/leonardo/projeto/api-lumen/vendor/illuminate/database/Connection.php(373): PDOStatement->execute()
#1 /home/leonardo/projeto/api-lumen/vendor/illuminate/database/Connection.php(705): Illuminate\\Database\\Connection->Illuminate\\Database\\{closure}()
#2 /home/leonardo/projeto/api-lumen/vendor/illuminate/database/Connection.php(672): Illuminate\\Database\\Connection->runQueryCallback()
#3 /home/leonardo/projeto/api-lumen/vendor/illuminate/database/Connection.php(376): Illuminate\\Database\\Connection->run()
#4 /home/leonardo/projeto/api-lumen/vendor/illuminate/database/Query/Builder.php(2414): Illuminate\\Database\\Connection->select()
#5 /home/leonardo/projeto/api-lumen/vendor/illuminate/database/Query/Builder.php(2402): Illuminate\\Database\\Query\\Builder->runSelect()
#6 /home/leonardo/projeto/api-lumen/vendor/illuminate/database/Query/Builder.php(2936): Illuminate\\Database\\Query\\Builder->Illuminate\\Database\\Query\\{closure}()
#7 /home/leonardo/projeto/api-lumen/vendor/illuminate/database/Query/Builder.php(2403): Illuminate\\Database\\Query\\Builder->onceWithColumns()
#8 /home/leonardo/projeto/api-lumen/vendor/illuminate/database/Query/Builder.php(2863): Illuminate\\Database\\Query\\Builder->get()
#9 /home/leonardo/projeto/api-lumen/vendor/illuminate/database/Query/Builder.php(2791): Illuminate\\Database\\Query\\Builder->aggregate()
#10 /home/leonardo/projeto/api-lumen/vendor/illuminate/validation/DatabasePresenceVerifier.php(55): Illuminate\\Database\\Query\\Builder->count()
#11 /home/leonardo/projeto/api-lumen/vendor/illuminate/validation/Concerns/ValidatesAttributes.php(856): Illuminate\\Validation\\DatabasePresenceVerifier->getCount()
#12 /home/leonardo/projeto/api-lumen/vendor/illuminate/validation/Validator.php(610): Illuminate\\Validation\\Validator->validateUnique()
#13 /home/leonardo/projeto/api-lumen/vendor/illuminate/validation/Validator.php(416): Illuminate\\Validation\\Validator->validateAttribute()
#14 /home/leonardo/projeto/api-lumen/vendor/illuminate/validation/Validator.php(447): Illuminate\\Validation\\Validator->passes()
#15 /home/leonardo/projeto/api-lumen/app/Http/Controllers/ClienteController.php(41): Illuminate\\Validation\\Validator->fails()
#16 /home/leonardo/projeto/api-lumen/vendor/illuminate/container/BoundMethod.php(36): App\\Http\\Controllers\\ClienteController->store()
#17 /home/leonardo/projeto/api-lumen/vendor/illuminate/container/Util.php(40): Illuminate\\Container\\BoundMethod::Illuminate\\Container\\{closure}()
#18 /home/leonardo/projeto/api-lumen/vendor/illuminate/container/BoundMethod.php(93): Illuminate\\Container\\Util::unwrapIfClosure()
#19 /home/leonardo/projeto/api-lumen/vendor/illuminate/container/BoundMethod.php(37): Illuminate\\Container\\BoundMethod::callBoundMethod()
#20 /home/leonardo/projeto/api-lumen/vendor/illuminate/container/Container.php(653): Illuminate\\Container\\BoundMethod::call()
#21 /home/leonardo/projeto/api-lumen/vendor/laravel/lumen-framework/src/Concerns/RoutesRequests.php(389): Illuminate\\Container\\Container->call()
#22 /home/leonardo/projeto/api-lumen/vendor/laravel/lumen-framework/src/Concerns/RoutesRequests.php(332): Laravel\\Lumen\\Application->callControllerCallable()
#23 /home/leonardo/projeto/api-lumen/vendor/laravel/lumen-framework/src/Concerns/RoutesRequests.php(282): Laravel\\Lumen\\Application->callControllerAction()
#24 /home/leonardo/projeto/api-lumen/vendor/laravel/lumen-framework/src/Concerns/RoutesRequests.php(267): Laravel\\Lumen\\Application->callActionOnArrayBasedRoute()
#25 /home/leonardo/projeto/api-lumen/vendor/laravel/lumen-framework/src/Concerns/RoutesRequests.php(169): Laravel\\Lumen\\Application->handleFoundRoute()
#26 /home/leonardo/projeto/api-lumen/vendor/laravel/lumen-framework/src/Routing/Pipeline.php(48): Laravel\\Lumen\\Application->Laravel\\Lumen\\Concerns\\{closure}()
#27 /home/leonardo/projeto/api-lumen/app/Http/Middleware/CorsMiddleware.php(34): Laravel\\Lumen\\Routing\\Pipeline->Laravel\\Lumen\\Routing\\{closure}()
#28 /home/leonardo/projeto/api-lumen/vendor/illuminate/pipeline/Pipeline.php(167): App\\Http\\Middleware\\CorsMiddleware->handle()
#29 /home/leonardo/projeto/api-lumen/vendor/laravel/lumen-framework/src/Routing/Pipeline.php(30): Illuminate\\Pipeline\\Pipeline->Illuminate\\Pipeline\\{closure}()
#30 /home/leonardo/projeto/api-lumen/vendor/illuminate/pipeline/Pipeline.php(103): Laravel\\Lumen\\Routing\\Pipeline->Laravel\\Lumen\\Routing\\{closure}()
#31 /home/leonardo/projeto/api-lumen/vendor/laravel/lumen-framework/src/Concerns/RoutesRequests.php(426): Illuminate\\Pipeline\\Pipeline->then()
#32 /home/leonardo/projeto/api-lumen/vendor/laravel/lumen-framework/src/Concerns/RoutesRequests.php(175): Laravel\\Lumen\\Application->sendThroughPipeline()
#33 /home/leonardo/projeto/api-lumen/vendor/laravel/lumen-framework/src/Concerns/RoutesRequests.php(112): Laravel\\Lumen\\Application->dispatch()
#34 /home/leonardo/projeto/api-lumen/public/index.php(28): Laravel\\Lumen\\Application->run()
#35 {main}
"} 
[2023-09-11 14:07:01] local.ERROR: Call to undefined method Laravel\Lumen\Routing\Router::middleware() {"exception":"[object] (Error(code: 0): Call to undefined method Laravel\\Lumen\\Routing\\Router::middleware() at /home/leonardo/projeto/api-lumen/vendor/illuminate/support/Facades/Facade.php:261)
[stacktrace]
#0 /home/leonardo/projeto/api-lumen/routes/web.php(11): Illuminate\\Support\\Facades\\Facade::__callStatic()
#1 /home/leonardo/projeto/api-lumen/bootstrap/app.php(114): require('/home/leonardo/...')
#2 /home/leonardo/projeto/api-lumen/vendor/laravel/lumen-framework/src/Routing/Router.php(62): {closure}()
#3 /home/leonardo/projeto/api-lumen/bootstrap/app.php(115): Laravel\\Lumen\\Routing\\Router->group()
#4 /home/leonardo/projeto/api-lumen/public/index.php(14): require('/home/leonardo/...')
#5 {main}
"} 
[2023-09-11 14:13:38] local.ERROR: Call to undefined method Laravel\Lumen\Routing\Router::middleware() {"exception":"[object] (Error(code: 0): Call to undefined method Laravel\\Lumen\\Routing\\Router::middleware() at /home/leonardo/projeto/api-lumen/vendor/illuminate/support/Facades/Facade.php:261)
[stacktrace]
#0 /home/leonardo/projeto/api-lumen/routes/web.php(11): Illuminate\\Support\\Facades\\Facade::__callStatic()
#1 /home/leonardo/projeto/api-lumen/bootstrap/app.php(114): require('/home/leonardo/...')
#2 /home/leonardo/projeto/api-lumen/vendor/laravel/lumen-framework/src/Routing/Router.php(62): {closure}()
#3 /home/leonardo/projeto/api-lumen/bootstrap/app.php(115): Laravel\\Lumen\\Routing\\Router->group()
#4 /home/leonardo/projeto/api-lumen/public/index.php(14): require('/home/leonardo/...')
#5 {main}
"} 
[2023-09-11 14:13:52] local.ERROR: Call to undefined method Laravel\Lumen\Routing\Router::middleware() {"exception":"[object] (Error(code: 0): Call to undefined method Laravel\\Lumen\\Routing\\Router::middleware() at /home/leonardo/projeto/api-lumen/vendor/illuminate/support/Facades/Facade.php:261)
[stacktrace]
#0 /home/leonardo/projeto/api-lumen/routes/web.php(11): Illuminate\\Support\\Facades\\Facade::__callStatic()
#1 /home/leonardo/projeto/api-lumen/bootstrap/app.php(114): require('/home/leonardo/...')
#2 /home/leonardo/projeto/api-lumen/vendor/laravel/lumen-framework/src/Routing/Router.php(62): {closure}()
#3 /home/leonardo/projeto/api-lumen/bootstrap/app.php(115): Laravel\\Lumen\\Routing\\Router->group()
#4 /home/leonardo/projeto/api-lumen/public/index.php(14): require('/home/leonardo/...')
#5 {main}
"} 
[2023-09-11 14:17:21] local.ERROR: Call to undefined method Laravel\Lumen\Routing\Router::middleware() {"exception":"[object] (Error(code: 0): Call to undefined method Laravel\\Lumen\\Routing\\Router::middleware() at /home/leonardo/projeto/api-lumen/vendor/illuminate/support/Facades/Facade.php:261)
[stacktrace]
#0 /home/leonardo/projeto/api-lumen/routes/web.php(11): Illuminate\\Support\\Facades\\Facade::__callStatic()
#1 /home/leonardo/projeto/api-lumen/bootstrap/app.php(114): require('/home/leonardo/...')
#2 /home/leonardo/projeto/api-lumen/vendor/laravel/lumen-framework/src/Routing/Router.php(62): {closure}()
#3 /home/leonardo/projeto/api-lumen/bootstrap/app.php(115): Laravel\\Lumen\\Routing\\Router->group()
#4 /home/leonardo/projeto/api-lumen/public/index.php(14): require('/home/leonardo/...')
#5 {main}
"} 
[2023-09-11 14:22:02] local.ERROR: Call to undefined method Laravel\Lumen\Routing\Router::middleware() {"exception":"[object] (Error(code: 0): Call to undefined method Laravel\\Lumen\\Routing\\Router::middleware() at /home/leonardo/projeto/api-lumen/routes/web.php:11)
[stacktrace]
#0 /home/leonardo/projeto/api-lumen/bootstrap/app.php(114): require()
#1 /home/leonardo/projeto/api-lumen/vendor/laravel/lumen-framework/src/Routing/Router.php(62): {closure}()
#2 /home/leonardo/projeto/api-lumen/bootstrap/app.php(115): Laravel\\Lumen\\Routing\\Router->group()
#3 /home/leonardo/projeto/api-lumen/public/index.php(14): require('/home/leonardo/...')
#4 {main}
"} 
[2023-09-11 14:22:18] local.ERROR: Call to undefined method Laravel\Lumen\Routing\Router::middleware() {"exception":"[object] (Error(code: 0): Call to undefined method Laravel\\Lumen\\Routing\\Router::middleware() at /home/leonardo/projeto/api-lumen/routes/web.php:11)
[stacktrace]
#0 /home/leonardo/projeto/api-lumen/bootstrap/app.php(114): require()
#1 /home/leonardo/projeto/api-lumen/vendor/laravel/lumen-framework/src/Routing/Router.php(62): {closure}()
#2 /home/leonardo/projeto/api-lumen/bootstrap/app.php(115): Laravel\\Lumen\\Routing\\Router->group()
#3 /home/leonardo/projeto/api-lumen/public/index.php(14): require('/home/leonardo/...')
#4 {main}
"} 
[2023-09-11 14:23:56] local.ERROR: Call to undefined method Laravel\Lumen\Routing\Router::middleware() {"exception":"[object] (Error(code: 0): Call to undefined method Laravel\\Lumen\\Routing\\Router::middleware() at /home/leonardo/projeto/api-lumen/vendor/illuminate/support/Facades/Facade.php:261)
[stacktrace]
#0 /home/leonardo/projeto/api-lumen/routes/web.php(11): Illuminate\\Support\\Facades\\Facade::__callStatic()
#1 /home/leonardo/projeto/api-lumen/bootstrap/app.php(114): require('/home/leonardo/...')
#2 /home/leonardo/projeto/api-lumen/vendor/laravel/lumen-framework/src/Routing/Router.php(62): {closure}()
#3 /home/leonardo/projeto/api-lumen/bootstrap/app.php(115): Laravel\\Lumen\\Routing\\Router->group()
#4 /home/leonardo/projeto/api-lumen/public/index.php(14): require('/home/leonardo/...')
#5 {main}
"} 
[2023-09-11 14:27:54] local.ERROR: Call to undefined method Laravel\Lumen\Routing\Router::middleware() {"exception":"[object] (Error(code: 0): Call to undefined method Laravel\\Lumen\\Routing\\Router::middleware() at /home/leonardo/projeto/api-lumen/vendor/illuminate/support/Facades/Facade.php:261)
[stacktrace]
#0 /home/leonardo/projeto/api-lumen/routes/web.php(11): Illuminate\\Support\\Facades\\Facade::__callStatic()
#1 /home/leonardo/projeto/api-lumen/bootstrap/app.php(114): require('/home/leonardo/...')
#2 /home/leonardo/projeto/api-lumen/vendor/laravel/lumen-framework/src/Routing/Router.php(62): {closure}()
#3 /home/leonardo/projeto/api-lumen/bootstrap/app.php(115): Laravel\\Lumen\\Routing\\Router->group()
#4 /home/leonardo/projeto/api-lumen/public/index.php(14): require('/home/leonardo/...')
#5 {main}
"} 
[2023-09-11 14:27:58] local.ERROR: Call to undefined method Laravel\Lumen\Routing\Router::middleware() {"exception":"[object] (Error(code: 0): Call to undefined method Laravel\\Lumen\\Routing\\Router::middleware() at /home/leonardo/projeto/api-lumen/vendor/illuminate/support/Facades/Facade.php:261)
[stacktrace]
#0 /home/leonardo/projeto/api-lumen/routes/web.php(11): Illuminate\\Support\\Facades\\Facade::__callStatic()
#1 /home/leonardo/projeto/api-lumen/bootstrap/app.php(114): require('/home/leonardo/...')
#2 /home/leonardo/projeto/api-lumen/vendor/laravel/lumen-framework/src/Routing/Router.php(62): {closure}()
#3 /home/leonardo/projeto/api-lumen/bootstrap/app.php(115): Laravel\\Lumen\\Routing\\Router->group()
#4 /home/leonardo/projeto/api-lumen/public/index.php(14): require('/home/leonardo/...')
#5 {main}
"} 
[2023-09-11 14:28:42] local.ERROR: Call to undefined method Laravel\Lumen\Routing\Router::middleware() {"exception":"[object] (Error(code: 0): Call to undefined method Laravel\\Lumen\\Routing\\Router::middleware() at /home/leonardo/projeto/api-lumen/vendor/illuminate/support/Facades/Facade.php:261)
[stacktrace]
#0 /home/leonardo/projeto/api-lumen/routes/web.php(11): Illuminate\\Support\\Facades\\Facade::__callStatic()
#1 /home/leonardo/projeto/api-lumen/bootstrap/app.php(114): require('/home/leonardo/...')
#2 /home/leonardo/projeto/api-lumen/vendor/laravel/lumen-framework/src/Routing/Router.php(62): {closure}()
#3 /home/leonardo/projeto/api-lumen/bootstrap/app.php(115): Laravel\\Lumen\\Routing\\Router->group()
#4 /home/leonardo/projeto/api-lumen/public/index.php(14): require('/home/leonardo/...')
#5 {main}
"} 
[2023-09-11 14:28:47] local.ERROR: Call to undefined method Laravel\Lumen\Routing\Router::middleware() {"exception":"[object] (Error(code: 0): Call to undefined method Laravel\\Lumen\\Routing\\Router::middleware() at /home/leonardo/projeto/api-lumen/vendor/illuminate/support/Facades/Facade.php:261)
[stacktrace]
#0 /home/leonardo/projeto/api-lumen/routes/web.php(11): Illuminate\\Support\\Facades\\Facade::__callStatic()
#1 /home/leonardo/projeto/api-lumen/bootstrap/app.php(114): require('/home/leonardo/...')
#2 /home/leonardo/projeto/api-lumen/vendor/laravel/lumen-framework/src/Routing/Router.php(62): {closure}()
#3 /home/leonardo/projeto/api-lumen/bootstrap/app.php(115): Laravel\\Lumen\\Routing\\Router->group()
#4 /home/leonardo/projeto/api-lumen/public/index.php(14): require('/home/leonardo/...')
#5 {main}
"} 
[2023-09-11 14:30:44] local.ERROR: Call to undefined method Laravel\Lumen\Routing\Router::middleware() {"exception":"[object] (Error(code: 0): Call to undefined method Laravel\\Lumen\\Routing\\Router::middleware() at /home/leonardo/projeto/api-lumen/vendor/illuminate/support/Facades/Facade.php:261)
[stacktrace]
#0 /home/leonardo/projeto/api-lumen/routes/web.php(11): Illuminate\\Support\\Facades\\Facade::__callStatic()
#1 /home/leonardo/projeto/api-lumen/bootstrap/app.php(114): require('/home/leonardo/...')
#2 /home/leonardo/projeto/api-lumen/vendor/laravel/lumen-framework/src/Routing/Router.php(62): {closure}()
#3 /home/leonardo/projeto/api-lumen/bootstrap/app.php(115): Laravel\\Lumen\\Routing\\Router->group()
#4 /home/leonardo/projeto/api-lumen/public/index.php(14): require('/home/leonardo/...')
#5 {main}
"} 
[2023-09-11 14:31:12] local.ERROR: Call to undefined method Laravel\Lumen\Routing\Router::middleware() {"exception":"[object] (Error(code: 0): Call to undefined method Laravel\\Lumen\\Routing\\Router::middleware() at /home/leonardo/projeto/api-lumen/vendor/illuminate/support/Facades/Facade.php:261)
[stacktrace]
#0 /home/leonardo/projeto/api-lumen/routes/web.php(11): Illuminate\\Support\\Facades\\Facade::__callStatic()
#1 /home/leonardo/projeto/api-lumen/bootstrap/app.php(114): require('/home/leonardo/...')
#2 /home/leonardo/projeto/api-lumen/vendor/laravel/lumen-framework/src/Routing/Router.php(62): {closure}()
#3 /home/leonardo/projeto/api-lumen/bootstrap/app.php(115): Laravel\\Lumen\\Routing\\Router->group()
#4 /home/leonardo/projeto/api-lumen/public/index.php(14): require('/home/leonardo/...')
#5 {main}
"} 
[2023-09-11 16:10:14] local.ERROR: Argument 2 passed to Symfony\Component\HttpFoundation\JsonResponse::__construct() must be of the type int, object given, called in /home/leonardo/projeto/api-lumen/vendor/illuminate/http/JsonResponse.php on line 32 {"exception":"[object] (TypeError(code: 0): Argument 2 passed to Symfony\\Component\\HttpFoundation\\JsonResponse::__construct() must be of the type int, object given, called in /home/leonardo/projeto/api-lumen/vendor/illuminate/http/JsonResponse.php on line 32 at /home/leonardo/projeto/api-lumen/vendor/symfony/http-foundation/JsonResponse.php:42)
[stacktrace]
#0 /home/leonardo/projeto/api-lumen/vendor/illuminate/http/JsonResponse.php(32): Symfony\\Component\\HttpFoundation\\JsonResponse->__construct()
#1 /home/leonardo/projeto/api-lumen/vendor/laravel/lumen-framework/src/Http/ResponseFactory.php(40): Illuminate\\Http\\JsonResponse->__construct()
#2 /home/leonardo/projeto/api-lumen/app/Http/Controllers/ClienteController.php(42): Laravel\\Lumen\\Http\\ResponseFactory->json()
#3 /home/leonardo/projeto/api-lumen/vendor/illuminate/container/BoundMethod.php(36): App\\Http\\Controllers\\ClienteController->store()
#4 /home/leonardo/projeto/api-lumen/vendor/illuminate/container/Util.php(40): Illuminate\\Container\\BoundMethod::Illuminate\\Container\\{closure}()
#5 /home/leonardo/projeto/api-lumen/vendor/illuminate/container/BoundMethod.php(93): Illuminate\\Container\\Util::unwrapIfClosure()
#6 /home/leonardo/projeto/api-lumen/vendor/illuminate/container/BoundMethod.php(37): Illuminate\\Container\\BoundMethod::callBoundMethod()
#7 /home/leonardo/projeto/api-lumen/vendor/illuminate/container/Container.php(653): Illuminate\\Container\\BoundMethod::call()
#8 /home/leonardo/projeto/api-lumen/vendor/laravel/lumen-framework/src/Concerns/RoutesRequests.php(389): Illuminate\\Container\\Container->call()
#9 /home/leonardo/projeto/api-lumen/vendor/laravel/lumen-framework/src/Concerns/RoutesRequests.php(332): Laravel\\Lumen\\Application->callControllerCallable()
#10 /home/leonardo/projeto/api-lumen/vendor/laravel/lumen-framework/src/Concerns/RoutesRequests.php(282): Laravel\\Lumen\\Application->callControllerAction()
#11 /home/leonardo/projeto/api-lumen/vendor/laravel/lumen-framework/src/Concerns/RoutesRequests.php(267): Laravel\\Lumen\\Application->callActionOnArrayBasedRoute()
#12 /home/leonardo/projeto/api-lumen/vendor/laravel/lumen-framework/src/Concerns/RoutesRequests.php(169): Laravel\\Lumen\\Application->handleFoundRoute()
#13 /home/leonardo/projeto/api-lumen/vendor/laravel/lumen-framework/src/Routing/Pipeline.php(48): Laravel\\Lumen\\Application->Laravel\\Lumen\\Concerns\\{closure}()
#14 /home/leonardo/projeto/api-lumen/app/Http/Middleware/CorsMiddleware.php(34): Laravel\\Lumen\\Routing\\Pipeline->Laravel\\Lumen\\Routing\\{closure}()
#15 /home/leonardo/projeto/api-lumen/vendor/illuminate/pipeline/Pipeline.php(167): App\\Http\\Middleware\\CorsMiddleware->handle()
#16 /home/leonardo/projeto/api-lumen/vendor/laravel/lumen-framework/src/Routing/Pipeline.php(30): Illuminate\\Pipeline\\Pipeline->Illuminate\\Pipeline\\{closure}()
#17 /home/leonardo/projeto/api-lumen/vendor/illuminate/pipeline/Pipeline.php(103): Laravel\\Lumen\\Routing\\Pipeline->Laravel\\Lumen\\Routing\\{closure}()
#18 /home/leonardo/projeto/api-lumen/vendor/laravel/lumen-framework/src/Concerns/RoutesRequests.php(426): Illuminate\\Pipeline\\Pipeline->then()
#19 /home/leonardo/projeto/api-lumen/vendor/laravel/lumen-framework/src/Concerns/RoutesRequests.php(175): Laravel\\Lumen\\Application->sendThroughPipeline()
#20 /home/leonardo/projeto/api-lumen/vendor/laravel/lumen-framework/src/Concerns/RoutesRequests.php(112): Laravel\\Lumen\\Application->dispatch()
#21 /home/leonardo/projeto/api-lumen/public/index.php(28): Laravel\\Lumen\\Application->run()
#22 {main}
"} 
[2023-09-11 16:10:51] local.ERROR: Argument 2 passed to Symfony\Component\HttpFoundation\JsonResponse::__construct() must be of the type int, object given, called in /home/leonardo/projeto/api-lumen/vendor/illuminate/http/JsonResponse.php on line 32 {"exception":"[object] (TypeError(code: 0): Argument 2 passed to Symfony\\Component\\HttpFoundation\\JsonResponse::__construct() must be of the type int, object given, called in /home/leonardo/projeto/api-lumen/vendor/illuminate/http/JsonResponse.php on line 32 at /home/leonardo/projeto/api-lumen/vendor/symfony/http-foundation/JsonResponse.php:42)
[stacktrace]
#0 /home/leonardo/projeto/api-lumen/vendor/illuminate/http/JsonResponse.php(32): Symfony\\Component\\HttpFoundation\\JsonResponse->__construct()
#1 /home/leonardo/projeto/api-lumen/vendor/laravel/lumen-framework/src/Http/ResponseFactory.php(40): Illuminate\\Http\\JsonResponse->__construct()
#2 /home/leonardo/projeto/api-lumen/app/Http/Controllers/ClienteController.php(42): Laravel\\Lumen\\Http\\ResponseFactory->json()
#3 /home/leonardo/projeto/api-lumen/vendor/illuminate/container/BoundMethod.php(36): App\\Http\\Controllers\\ClienteController->store()
#4 /home/leonardo/projeto/api-lumen/vendor/illuminate/container/Util.php(40): Illuminate\\Container\\BoundMethod::Illuminate\\Container\\{closure}()
#5 /home/leonardo/projeto/api-lumen/vendor/illuminate/container/BoundMethod.php(93): Illuminate\\Container\\Util::unwrapIfClosure()
#6 /home/leonardo/projeto/api-lumen/vendor/illuminate/container/BoundMethod.php(37): Illuminate\\Container\\BoundMethod::callBoundMethod()
#7 /home/leonardo/projeto/api-lumen/vendor/illuminate/container/Container.php(653): Illuminate\\Container\\BoundMethod::call()
#8 /home/leonardo/projeto/api-lumen/vendor/laravel/lumen-framework/src/Concerns/RoutesRequests.php(389): Illuminate\\Container\\Container->call()
#9 /home/leonardo/projeto/api-lumen/vendor/laravel/lumen-framework/src/Concerns/RoutesRequests.php(332): Laravel\\Lumen\\Application->callControllerCallable()
#10 /home/leonardo/projeto/api-lumen/vendor/laravel/lumen-framework/src/Concerns/RoutesRequests.php(282): Laravel\\Lumen\\Application->callControllerAction()
#11 /home/leonardo/projeto/api-lumen/vendor/laravel/lumen-framework/src/Concerns/RoutesRequests.php(267): Laravel\\Lumen\\Application->callActionOnArrayBasedRoute()
#12 /home/leonardo/projeto/api-lumen/vendor/laravel/lumen-framework/src/Concerns/RoutesRequests.php(169): Laravel\\Lumen\\Application->handleFoundRoute()
#13 /home/leonardo/projeto/api-lumen/vendor/laravel/lumen-framework/src/Routing/Pipeline.php(48): Laravel\\Lumen\\Application->Laravel\\Lumen\\Concerns\\{closure}()
#14 /home/leonardo/projeto/api-lumen/app/Http/Middleware/CorsMiddleware.php(34): Laravel\\Lumen\\Routing\\Pipeline->Laravel\\Lumen\\Routing\\{closure}()
#15 /home/leonardo/projeto/api-lumen/vendor/illuminate/pipeline/Pipeline.php(167): App\\Http\\Middleware\\CorsMiddleware->handle()
#16 /home/leonardo/projeto/api-lumen/vendor/laravel/lumen-framework/src/Routing/Pipeline.php(30): Illuminate\\Pipeline\\Pipeline->Illuminate\\Pipeline\\{closure}()
#17 /home/leonardo/projeto/api-lumen/vendor/illuminate/pipeline/Pipeline.php(103): Laravel\\Lumen\\Routing\\Pipeline->Laravel\\Lumen\\Routing\\{closure}()
#18 /home/leonardo/projeto/api-lumen/vendor/laravel/lumen-framework/src/Concerns/RoutesRequests.php(426): Illuminate\\Pipeline\\Pipeline->then()
#19 /home/leonardo/projeto/api-lumen/vendor/laravel/lumen-framework/src/Concerns/RoutesRequests.php(175): Laravel\\Lumen\\Application->sendThroughPipeline()
#20 /home/leonardo/projeto/api-lumen/vendor/laravel/lumen-framework/src/Concerns/RoutesRequests.php(112): Laravel\\Lumen\\Application->dispatch()
#21 /home/leonardo/projeto/api-lumen/public/index.php(28): Laravel\\Lumen\\Application->run()
#22 {main}
"} 
[2023-09-11 17:06:15] local.ERROR: Argument 2 passed to Symfony\Component\HttpFoundation\JsonResponse::__construct() must be of the type int, object given, called in /home/leonardo/projeto/api-lumen/vendor/illuminate/http/JsonResponse.php on line 32 {"exception":"[object] (TypeError(code: 0): Argument 2 passed to Symfony\\Component\\HttpFoundation\\JsonResponse::__construct() must be of the type int, object given, called in /home/leonardo/projeto/api-lumen/vendor/illuminate/http/JsonResponse.php on line 32 at /home/leonardo/projeto/api-lumen/vendor/symfony/http-foundation/JsonResponse.php:42)
[stacktrace]
#0 /home/leonardo/projeto/api-lumen/vendor/illuminate/http/JsonResponse.php(32): Symfony\\Component\\HttpFoundation\\JsonResponse->__construct()
#1 /home/leonardo/projeto/api-lumen/vendor/laravel/lumen-framework/src/Http/ResponseFactory.php(40): Illuminate\\Http\\JsonResponse->__construct()
#2 /home/leonardo/projeto/api-lumen/app/Http/Controllers/ClienteController.php(41): Laravel\\Lumen\\Http\\ResponseFactory->json()
#3 /home/leonardo/projeto/api-lumen/vendor/illuminate/container/BoundMethod.php(36): App\\Http\\Controllers\\ClienteController->store()
#4 /home/leonardo/projeto/api-lumen/vendor/illuminate/container/Util.php(40): Illuminate\\Container\\BoundMethod::Illuminate\\Container\\{closure}()
#5 /home/leonardo/projeto/api-lumen/vendor/illuminate/container/BoundMethod.php(93): Illuminate\\Container\\Util::unwrapIfClosure()
#6 /home/leonardo/projeto/api-lumen/vendor/illuminate/container/BoundMethod.php(37): Illuminate\\Container\\BoundMethod::callBoundMethod()
#7 /home/leonardo/projeto/api-lumen/vendor/illuminate/container/Container.php(653): Illuminate\\Container\\BoundMethod::call()
#8 /home/leonardo/projeto/api-lumen/vendor/laravel/lumen-framework/src/Concerns/RoutesRequests.php(389): Illuminate\\Container\\Container->call()
#9 /home/leonardo/projeto/api-lumen/vendor/laravel/lumen-framework/src/Concerns/RoutesRequests.php(332): Laravel\\Lumen\\Application->callControllerCallable()
#10 /home/leonardo/projeto/api-lumen/vendor/laravel/lumen-framework/src/Concerns/RoutesRequests.php(282): Laravel\\Lumen\\Application->callControllerAction()
#11 /home/leonardo/projeto/api-lumen/vendor/laravel/lumen-framework/src/Concerns/RoutesRequests.php(267): Laravel\\Lumen\\Application->callActionOnArrayBasedRoute()
#12 /home/leonardo/projeto/api-lumen/vendor/laravel/lumen-framework/src/Concerns/RoutesRequests.php(169): Laravel\\Lumen\\Application->handleFoundRoute()
#13 /home/leonardo/projeto/api-lumen/vendor/laravel/lumen-framework/src/Routing/Pipeline.php(48): Laravel\\Lumen\\Application->Laravel\\Lumen\\Concerns\\{closure}()
#14 /home/leonardo/projeto/api-lumen/app/Http/Middleware/CorsMiddleware.php(34): Laravel\\Lumen\\Routing\\Pipeline->Laravel\\Lumen\\Routing\\{closure}()
#15 /home/leonardo/projeto/api-lumen/vendor/illuminate/pipeline/Pipeline.php(167): App\\Http\\Middleware\\CorsMiddleware->handle()
#16 /home/leonardo/projeto/api-lumen/vendor/laravel/lumen-framework/src/Routing/Pipeline.php(30): Illuminate\\Pipeline\\Pipeline->Illuminate\\Pipeline\\{closure}()
#17 /home/leonardo/projeto/api-lumen/vendor/illuminate/pipeline/Pipeline.php(103): Laravel\\Lumen\\Routing\\Pipeline->Laravel\\Lumen\\Routing\\{closure}()
#18 /home/leonardo/projeto/api-lumen/vendor/laravel/lumen-framework/src/Concerns/RoutesRequests.php(426): Illuminate\\Pipeline\\Pipeline->then()
#19 /home/leonardo/projeto/api-lumen/vendor/laravel/lumen-framework/src/Concerns/RoutesRequests.php(175): Laravel\\Lumen\\Application->sendThroughPipeline()
#20 /home/leonardo/projeto/api-lumen/vendor/laravel/lumen-framework/src/Concerns/RoutesRequests.php(112): Laravel\\Lumen\\Application->dispatch()
#21 /home/leonardo/projeto/api-lumen/public/index.php(28): Laravel\\Lumen\\Application->run()
#22 {main}
"} 
