[2023-07-13 17:16:04] local.ERROR: Undefined variable: Route {"exception":"[object] (ErrorException(code: 0): Undefined variable: Route at /home/leonardo/projeto/api/routes/web.php:10)
[stacktrace]
#0 /home/leonardo/projeto/api/vendor/laravel/lumen-framework/src/Concerns/RegistersExceptionHandlers.php(47): Laravel\\Lumen\\Application->handleError()
#1 /home/leonardo/projeto/api/routes/web.php(10): Laravel\\Lumen\\Application->Laravel\\Lumen\\Concerns\\{closure}()
#2 /home/leonardo/projeto/api/bootstrap/app.php(113): require('/home/leonardo/...')
#3 /home/leonardo/projeto/api/vendor/laravel/lumen-framework/src/Routing/Router.php(62): {closure}()
#4 /home/leonardo/projeto/api/bootstrap/app.php(114): Laravel\\Lumen\\Routing\\Router->group()
#5 /home/leonardo/projeto/api/public/index.php(14): require('/home/leonardo/...')
#6 {main}
"} 
[2023-07-13 17:16:06] local.ERROR: Undefined variable: Route {"exception":"[object] (ErrorException(code: 0): Undefined variable: Route at /home/leonardo/projeto/api/routes/web.php:10)
[stacktrace]
#0 /home/leonardo/projeto/api/vendor/laravel/lumen-framework/src/Concerns/RegistersExceptionHandlers.php(47): Laravel\\Lumen\\Application->handleError()
#1 /home/leonardo/projeto/api/routes/web.php(10): Laravel\\Lumen\\Application->Laravel\\Lumen\\Concerns\\{closure}()
#2 /home/leonardo/projeto/api/bootstrap/app.php(113): require('/home/leonardo/...')
#3 /home/leonardo/projeto/api/vendor/laravel/lumen-framework/src/Routing/Router.php(62): {closure}()
#4 /home/leonardo/projeto/api/bootstrap/app.php(114): Laravel\\Lumen\\Routing\\Router->group()
#5 /home/leonardo/projeto/api/public/index.php(14): require('/home/leonardo/...')
#6 {main}
"} 
[2023-07-13 17:19:31] local.ERROR: Undefined variable: Route {"exception":"[object] (ErrorException(code: 0): Undefined variable: Route at /home/leonardo/projeto/api/routes/web.php:10)
[stacktrace]
#0 /home/leonardo/projeto/api/vendor/laravel/lumen-framework/src/Concerns/RegistersExceptionHandlers.php(47): Laravel\\Lumen\\Application->handleError()
#1 /home/leonardo/projeto/api/routes/web.php(10): Laravel\\Lumen\\Application->Laravel\\Lumen\\Concerns\\{closure}()
#2 /home/leonardo/projeto/api/bootstrap/app.php(113): require('/home/leonardo/...')
#3 /home/leonardo/projeto/api/vendor/laravel/lumen-framework/src/Routing/Router.php(62): {closure}()
#4 /home/leonardo/projeto/api/bootstrap/app.php(114): Laravel\\Lumen\\Routing\\Router->group()
#5 /home/leonardo/projeto/api/public/index.php(14): require('/home/leonardo/...')
#6 {main}
"} 
[2023-07-13 17:19:58] local.ERROR: Undefined variable: Route {"exception":"[object] (ErrorException(code: 0): Undefined variable: Route at /home/leonardo/projeto/api/routes/web.php:10)
[stacktrace]
#0 /home/leonardo/projeto/api/vendor/laravel/lumen-framework/src/Concerns/RegistersExceptionHandlers.php(47): Laravel\\Lumen\\Application->handleError()
#1 /home/leonardo/projeto/api/routes/web.php(10): Laravel\\Lumen\\Application->Laravel\\Lumen\\Concerns\\{closure}()
#2 /home/leonardo/projeto/api/bootstrap/app.php(113): require('/home/leonardo/...')
#3 /home/leonardo/projeto/api/vendor/laravel/lumen-framework/src/Routing/Router.php(62): {closure}()
#4 /home/leonardo/projeto/api/bootstrap/app.php(114): Laravel\\Lumen\\Routing\\Router->group()
#5 /home/leonardo/projeto/api/public/index.php(14): require('/home/leonardo/...')
#6 {main}
"} 
[2023-07-13 17:25:57] local.ERROR: Undefined variable: Route {"exception":"[object] (ErrorException(code: 0): Undefined variable: Route at /home/leonardo/projeto/api/routes/web.php:10)
[stacktrace]
#0 /home/leonardo/projeto/api/vendor/laravel/lumen-framework/src/Concerns/RegistersExceptionHandlers.php(47): Laravel\\Lumen\\Application->handleError()
#1 /home/leonardo/projeto/api/routes/web.php(10): Laravel\\Lumen\\Application->Laravel\\Lumen\\Concerns\\{closure}()
#2 /home/leonardo/projeto/api/bootstrap/app.php(113): require('/home/leonardo/...')
#3 /home/leonardo/projeto/api/vendor/laravel/lumen-framework/src/Routing/Router.php(62): {closure}()
#4 /home/leonardo/projeto/api/bootstrap/app.php(114): Laravel\\Lumen\\Routing\\Router->group()
#5 /home/leonardo/projeto/api/public/index.php(14): require('/home/leonardo/...')
#6 {main}
"} 
[2023-07-13 17:26:22] local.ERROR: Undefined variable: Route {"exception":"[object] (ErrorException(code: 0): Undefined variable: Route at /home/leonardo/projeto/api/routes/web.php:10)
[stacktrace]
#0 /home/leonardo/projeto/api/vendor/laravel/lumen-framework/src/Concerns/RegistersExceptionHandlers.php(47): Laravel\\Lumen\\Application->handleError()
#1 /home/leonardo/projeto/api/routes/web.php(10): Laravel\\Lumen\\Application->Laravel\\Lumen\\Concerns\\{closure}()
#2 /home/leonardo/projeto/api/bootstrap/app.php(113): require('/home/leonardo/...')
#3 /home/leonardo/projeto/api/vendor/laravel/lumen-framework/src/Routing/Router.php(62): {closure}()
#4 /home/leonardo/projeto/api/bootstrap/app.php(114): Laravel\\Lumen\\Routing\\Router->group()
#5 /home/leonardo/projeto/api/public/index.php(14): require('/home/leonardo/...')
#6 {main}
"} 
[2023-07-13 17:26:23] local.ERROR: Undefined variable: Route {"exception":"[object] (ErrorException(code: 0): Undefined variable: Route at /home/leonardo/projeto/api/routes/web.php:10)
[stacktrace]
#0 /home/leonardo/projeto/api/vendor/laravel/lumen-framework/src/Concerns/RegistersExceptionHandlers.php(47): Laravel\\Lumen\\Application->handleError()
#1 /home/leonardo/projeto/api/routes/web.php(10): Laravel\\Lumen\\Application->Laravel\\Lumen\\Concerns\\{closure}()
#2 /home/leonardo/projeto/api/bootstrap/app.php(113): require('/home/leonardo/...')
#3 /home/leonardo/projeto/api/vendor/laravel/lumen-framework/src/Routing/Router.php(62): {closure}()
#4 /home/leonardo/projeto/api/bootstrap/app.php(114): Laravel\\Lumen\\Routing\\Router->group()
#5 /home/leonardo/projeto/api/public/index.php(14): require('/home/leonardo/...')
#6 {main}
"} 
[2023-07-13 17:26:24] local.ERROR: Undefined variable: Route {"exception":"[object] (ErrorException(code: 0): Undefined variable: Route at /home/leonardo/projeto/api/routes/web.php:10)
[stacktrace]
#0 /home/leonardo/projeto/api/vendor/laravel/lumen-framework/src/Concerns/RegistersExceptionHandlers.php(47): Laravel\\Lumen\\Application->handleError()
#1 /home/leonardo/projeto/api/routes/web.php(10): Laravel\\Lumen\\Application->Laravel\\Lumen\\Concerns\\{closure}()
#2 /home/leonardo/projeto/api/bootstrap/app.php(113): require('/home/leonardo/...')
#3 /home/leonardo/projeto/api/vendor/laravel/lumen-framework/src/Routing/Router.php(62): {closure}()
#4 /home/leonardo/projeto/api/bootstrap/app.php(114): Laravel\\Lumen\\Routing\\Router->group()
#5 /home/leonardo/projeto/api/public/index.php(14): require('/home/leonardo/...')
#6 {main}
"} 
[2023-07-13 17:26:37] local.ERROR: Undefined variable: Route {"exception":"[object] (ErrorException(code: 0): Undefined variable: Route at /home/leonardo/projeto/api/routes/web.php:10)
[stacktrace]
#0 /home/leonardo/projeto/api/vendor/laravel/lumen-framework/src/Concerns/RegistersExceptionHandlers.php(47): Laravel\\Lumen\\Application->handleError()
#1 /home/leonardo/projeto/api/routes/web.php(10): Laravel\\Lumen\\Application->Laravel\\Lumen\\Concerns\\{closure}()
#2 /home/leonardo/projeto/api/bootstrap/app.php(113): require('/home/leonardo/...')
#3 /home/leonardo/projeto/api/vendor/laravel/lumen-framework/src/Routing/Router.php(62): {closure}()
#4 /home/leonardo/projeto/api/bootstrap/app.php(114): Laravel\\Lumen\\Routing\\Router->group()
#5 /home/leonardo/projeto/api/public/index.php(14): require('/home/leonardo/...')
#6 {main}
"} 
[2023-07-13 17:28:04] local.ERROR: Undefined variable: route {"exception":"[object] (ErrorException(code: 0): Undefined variable: route at /home/leonardo/projeto/api/routes/web.php:10)
[stacktrace]
#0 /home/leonardo/projeto/api/vendor/laravel/lumen-framework/src/Concerns/RegistersExceptionHandlers.php(47): Laravel\\Lumen\\Application->handleError()
#1 /home/leonardo/projeto/api/routes/web.php(10): Laravel\\Lumen\\Application->Laravel\\Lumen\\Concerns\\{closure}()
#2 /home/leonardo/projeto/api/bootstrap/app.php(113): require('/home/leonardo/...')
#3 /home/leonardo/projeto/api/vendor/laravel/lumen-framework/src/Routing/Router.php(62): {closure}()
#4 /home/leonardo/projeto/api/bootstrap/app.php(114): Laravel\\Lumen\\Routing\\Router->group()
#5 /home/leonardo/projeto/api/public/index.php(14): require('/home/leonardo/...')
#6 {main}
"} 
[2023-07-13 17:33:50] local.ERROR: A facade root has not been set. {"exception":"[object] (RuntimeException(code: 0): A facade root has not been set. at /home/leonardo/projeto/api/vendor/illuminate/support/Facades/Facade.php:258)
[stacktrace]
#0 /home/leonardo/projeto/api/app/Http/Controllers/ClienteController.php(36): Illuminate\\Support\\Facades\\Facade::__callStatic()
#1 /home/leonardo/projeto/api/vendor/illuminate/container/BoundMethod.php(36): App\\Http\\Controllers\\ClienteController->store()
#2 /home/leonardo/projeto/api/vendor/illuminate/container/Util.php(40): Illuminate\\Container\\BoundMethod::Illuminate\\Container\\{closure}()
#3 /home/leonardo/projeto/api/vendor/illuminate/container/BoundMethod.php(93): Illuminate\\Container\\Util::unwrapIfClosure()
#4 /home/leonardo/projeto/api/vendor/illuminate/container/BoundMethod.php(37): Illuminate\\Container\\BoundMethod::callBoundMethod()
#5 /home/leonardo/projeto/api/vendor/illuminate/container/Container.php(653): Illuminate\\Container\\BoundMethod::call()
#6 /home/leonardo/projeto/api/vendor/laravel/lumen-framework/src/Concerns/RoutesRequests.php(389): Illuminate\\Container\\Container->call()
#7 /home/leonardo/projeto/api/vendor/laravel/lumen-framework/src/Concerns/RoutesRequests.php(332): Laravel\\Lumen\\Application->callControllerCallable()
#8 /home/leonardo/projeto/api/vendor/laravel/lumen-framework/src/Concerns/RoutesRequests.php(282): Laravel\\Lumen\\Application->callControllerAction()
#9 /home/leonardo/projeto/api/vendor/laravel/lumen-framework/src/Concerns/RoutesRequests.php(267): Laravel\\Lumen\\Application->callActionOnArrayBasedRoute()
#10 /home/leonardo/projeto/api/vendor/laravel/lumen-framework/src/Concerns/RoutesRequests.php(169): Laravel\\Lumen\\Application->handleFoundRoute()
#11 /home/leonardo/projeto/api/vendor/laravel/lumen-framework/src/Routing/Pipeline.php(48): Laravel\\Lumen\\Application->Laravel\\Lumen\\Concerns\\{closure}()
#12 /home/leonardo/projeto/api/app/Http/Middleware/CorsMiddleware.php(34): Laravel\\Lumen\\Routing\\Pipeline->Laravel\\Lumen\\Routing\\{closure}()
#13 /home/leonardo/projeto/api/vendor/illuminate/pipeline/Pipeline.php(167): App\\Http\\Middleware\\CorsMiddleware->handle()
#14 /home/leonardo/projeto/api/vendor/laravel/lumen-framework/src/Routing/Pipeline.php(30): Illuminate\\Pipeline\\Pipeline->Illuminate\\Pipeline\\{closure}()
#15 /home/leonardo/projeto/api/vendor/illuminate/pipeline/Pipeline.php(103): Laravel\\Lumen\\Routing\\Pipeline->Laravel\\Lumen\\Routing\\{closure}()
#16 /home/leonardo/projeto/api/vendor/laravel/lumen-framework/src/Concerns/RoutesRequests.php(426): Illuminate\\Pipeline\\Pipeline->then()
#17 /home/leonardo/projeto/api/vendor/laravel/lumen-framework/src/Concerns/RoutesRequests.php(175): Laravel\\Lumen\\Application->sendThroughPipeline()
#18 /home/leonardo/projeto/api/vendor/laravel/lumen-framework/src/Concerns/RoutesRequests.php(112): Laravel\\Lumen\\Application->dispatch()
#19 /home/leonardo/projeto/api/public/index.php(28): Laravel\\Lumen\\Application->run()
#20 {main}
"} 
[2023-07-13 17:34:42] local.ERROR: A facade root has not been set. {"exception":"[object] (RuntimeException(code: 0): A facade root has not been set. at /home/leonardo/projeto/api/vendor/illuminate/support/Facades/Facade.php:258)
[stacktrace]
#0 /home/leonardo/projeto/api/app/Http/Controllers/ClienteController.php(36): Illuminate\\Support\\Facades\\Facade::__callStatic()
#1 /home/leonardo/projeto/api/vendor/illuminate/container/BoundMethod.php(36): App\\Http\\Controllers\\ClienteController->store()
#2 /home/leonardo/projeto/api/vendor/illuminate/container/Util.php(40): Illuminate\\Container\\BoundMethod::Illuminate\\Container\\{closure}()
#3 /home/leonardo/projeto/api/vendor/illuminate/container/BoundMethod.php(93): Illuminate\\Container\\Util::unwrapIfClosure()
#4 /home/leonardo/projeto/api/vendor/illuminate/container/BoundMethod.php(37): Illuminate\\Container\\BoundMethod::callBoundMethod()
#5 /home/leonardo/projeto/api/vendor/illuminate/container/Container.php(653): Illuminate\\Container\\BoundMethod::call()
#6 /home/leonardo/projeto/api/vendor/laravel/lumen-framework/src/Concerns/RoutesRequests.php(389): Illuminate\\Container\\Container->call()
#7 /home/leonardo/projeto/api/vendor/laravel/lumen-framework/src/Concerns/RoutesRequests.php(332): Laravel\\Lumen\\Application->callControllerCallable()
#8 /home/leonardo/projeto/api/vendor/laravel/lumen-framework/src/Concerns/RoutesRequests.php(282): Laravel\\Lumen\\Application->callControllerAction()
#9 /home/leonardo/projeto/api/vendor/laravel/lumen-framework/src/Concerns/RoutesRequests.php(267): Laravel\\Lumen\\Application->callActionOnArrayBasedRoute()
#10 /home/leonardo/projeto/api/vendor/laravel/lumen-framework/src/Concerns/RoutesRequests.php(169): Laravel\\Lumen\\Application->handleFoundRoute()
#11 /home/leonardo/projeto/api/vendor/laravel/lumen-framework/src/Routing/Pipeline.php(48): Laravel\\Lumen\\Application->Laravel\\Lumen\\Concerns\\{closure}()
#12 /home/leonardo/projeto/api/app/Http/Middleware/CorsMiddleware.php(34): Laravel\\Lumen\\Routing\\Pipeline->Laravel\\Lumen\\Routing\\{closure}()
#13 /home/leonardo/projeto/api/vendor/illuminate/pipeline/Pipeline.php(167): App\\Http\\Middleware\\CorsMiddleware->handle()
#14 /home/leonardo/projeto/api/vendor/laravel/lumen-framework/src/Routing/Pipeline.php(30): Illuminate\\Pipeline\\Pipeline->Illuminate\\Pipeline\\{closure}()
#15 /home/leonardo/projeto/api/vendor/illuminate/pipeline/Pipeline.php(103): Laravel\\Lumen\\Routing\\Pipeline->Laravel\\Lumen\\Routing\\{closure}()
#16 /home/leonardo/projeto/api/vendor/laravel/lumen-framework/src/Concerns/RoutesRequests.php(426): Illuminate\\Pipeline\\Pipeline->then()
#17 /home/leonardo/projeto/api/vendor/laravel/lumen-framework/src/Concerns/RoutesRequests.php(175): Laravel\\Lumen\\Application->sendThroughPipeline()
#18 /home/leonardo/projeto/api/vendor/laravel/lumen-framework/src/Concerns/RoutesRequests.php(112): Laravel\\Lumen\\Application->dispatch()
#19 /home/leonardo/projeto/api/public/index.php(28): Laravel\\Lumen\\Application->run()
#20 {main}
"} 
[2023-07-13 17:34:43] local.ERROR: A facade root has not been set. {"exception":"[object] (RuntimeException(code: 0): A facade root has not been set. at /home/leonardo/projeto/api/vendor/illuminate/support/Facades/Facade.php:258)
[stacktrace]
#0 /home/leonardo/projeto/api/app/Http/Controllers/ClienteController.php(36): Illuminate\\Support\\Facades\\Facade::__callStatic()
#1 /home/leonardo/projeto/api/vendor/illuminate/container/BoundMethod.php(36): App\\Http\\Controllers\\ClienteController->store()
#2 /home/leonardo/projeto/api/vendor/illuminate/container/Util.php(40): Illuminate\\Container\\BoundMethod::Illuminate\\Container\\{closure}()
#3 /home/leonardo/projeto/api/vendor/illuminate/container/BoundMethod.php(93): Illuminate\\Container\\Util::unwrapIfClosure()
#4 /home/leonardo/projeto/api/vendor/illuminate/container/BoundMethod.php(37): Illuminate\\Container\\BoundMethod::callBoundMethod()
#5 /home/leonardo/projeto/api/vendor/illuminate/container/Container.php(653): Illuminate\\Container\\BoundMethod::call()
#6 /home/leonardo/projeto/api/vendor/laravel/lumen-framework/src/Concerns/RoutesRequests.php(389): Illuminate\\Container\\Container->call()
#7 /home/leonardo/projeto/api/vendor/laravel/lumen-framework/src/Concerns/RoutesRequests.php(332): Laravel\\Lumen\\Application->callControllerCallable()
#8 /home/leonardo/projeto/api/vendor/laravel/lumen-framework/src/Concerns/RoutesRequests.php(282): Laravel\\Lumen\\Application->callControllerAction()
#9 /home/leonardo/projeto/api/vendor/laravel/lumen-framework/src/Concerns/RoutesRequests.php(267): Laravel\\Lumen\\Application->callActionOnArrayBasedRoute()
#10 /home/leonardo/projeto/api/vendor/laravel/lumen-framework/src/Concerns/RoutesRequests.php(169): Laravel\\Lumen\\Application->handleFoundRoute()
#11 /home/leonardo/projeto/api/vendor/laravel/lumen-framework/src/Routing/Pipeline.php(48): Laravel\\Lumen\\Application->Laravel\\Lumen\\Concerns\\{closure}()
#12 /home/leonardo/projeto/api/app/Http/Middleware/CorsMiddleware.php(34): Laravel\\Lumen\\Routing\\Pipeline->Laravel\\Lumen\\Routing\\{closure}()
#13 /home/leonardo/projeto/api/vendor/illuminate/pipeline/Pipeline.php(167): App\\Http\\Middleware\\CorsMiddleware->handle()
#14 /home/leonardo/projeto/api/vendor/laravel/lumen-framework/src/Routing/Pipeline.php(30): Illuminate\\Pipeline\\Pipeline->Illuminate\\Pipeline\\{closure}()
#15 /home/leonardo/projeto/api/vendor/illuminate/pipeline/Pipeline.php(103): Laravel\\Lumen\\Routing\\Pipeline->Laravel\\Lumen\\Routing\\{closure}()
#16 /home/leonardo/projeto/api/vendor/laravel/lumen-framework/src/Concerns/RoutesRequests.php(426): Illuminate\\Pipeline\\Pipeline->then()
#17 /home/leonardo/projeto/api/vendor/laravel/lumen-framework/src/Concerns/RoutesRequests.php(175): Laravel\\Lumen\\Application->sendThroughPipeline()
#18 /home/leonardo/projeto/api/vendor/laravel/lumen-framework/src/Concerns/RoutesRequests.php(112): Laravel\\Lumen\\Application->dispatch()
#19 /home/leonardo/projeto/api/public/index.php(28): Laravel\\Lumen\\Application->run()
#20 {main}
"} 
[2023-07-13 17:37:32] local.ERROR: A facade root has not been set. {"exception":"[object] (RuntimeException(code: 0): A facade root has not been set. at /home/leonardo/projeto/api/vendor/illuminate/support/Facades/Facade.php:258)
[stacktrace]
#0 /home/leonardo/projeto/api/app/Http/Controllers/ClienteController.php(36): Illuminate\\Support\\Facades\\Facade::__callStatic()
#1 /home/leonardo/projeto/api/vendor/illuminate/container/BoundMethod.php(36): App\\Http\\Controllers\\ClienteController->store()
#2 /home/leonardo/projeto/api/vendor/illuminate/container/Util.php(40): Illuminate\\Container\\BoundMethod::Illuminate\\Container\\{closure}()
#3 /home/leonardo/projeto/api/vendor/illuminate/container/BoundMethod.php(93): Illuminate\\Container\\Util::unwrapIfClosure()
#4 /home/leonardo/projeto/api/vendor/illuminate/container/BoundMethod.php(37): Illuminate\\Container\\BoundMethod::callBoundMethod()
#5 /home/leonardo/projeto/api/vendor/illuminate/container/Container.php(653): Illuminate\\Container\\BoundMethod::call()
#6 /home/leonardo/projeto/api/vendor/laravel/lumen-framework/src/Concerns/RoutesRequests.php(389): Illuminate\\Container\\Container->call()
#7 /home/leonardo/projeto/api/vendor/laravel/lumen-framework/src/Concerns/RoutesRequests.php(332): Laravel\\Lumen\\Application->callControllerCallable()
#8 /home/leonardo/projeto/api/vendor/laravel/lumen-framework/src/Concerns/RoutesRequests.php(282): Laravel\\Lumen\\Application->callControllerAction()
#9 /home/leonardo/projeto/api/vendor/laravel/lumen-framework/src/Concerns/RoutesRequests.php(267): Laravel\\Lumen\\Application->callActionOnArrayBasedRoute()
#10 /home/leonardo/projeto/api/vendor/laravel/lumen-framework/src/Concerns/RoutesRequests.php(169): Laravel\\Lumen\\Application->handleFoundRoute()
#11 /home/leonardo/projeto/api/vendor/laravel/lumen-framework/src/Routing/Pipeline.php(48): Laravel\\Lumen\\Application->Laravel\\Lumen\\Concerns\\{closure}()
#12 /home/leonardo/projeto/api/app/Http/Middleware/CorsMiddleware.php(34): Laravel\\Lumen\\Routing\\Pipeline->Laravel\\Lumen\\Routing\\{closure}()
#13 /home/leonardo/projeto/api/vendor/illuminate/pipeline/Pipeline.php(167): App\\Http\\Middleware\\CorsMiddleware->handle()
#14 /home/leonardo/projeto/api/vendor/laravel/lumen-framework/src/Routing/Pipeline.php(30): Illuminate\\Pipeline\\Pipeline->Illuminate\\Pipeline\\{closure}()
#15 /home/leonardo/projeto/api/vendor/illuminate/pipeline/Pipeline.php(103): Laravel\\Lumen\\Routing\\Pipeline->Laravel\\Lumen\\Routing\\{closure}()
#16 /home/leonardo/projeto/api/vendor/laravel/lumen-framework/src/Concerns/RoutesRequests.php(426): Illuminate\\Pipeline\\Pipeline->then()
#17 /home/leonardo/projeto/api/vendor/laravel/lumen-framework/src/Concerns/RoutesRequests.php(175): Laravel\\Lumen\\Application->sendThroughPipeline()
#18 /home/leonardo/projeto/api/vendor/laravel/lumen-framework/src/Concerns/RoutesRequests.php(112): Laravel\\Lumen\\Application->dispatch()
#19 /home/leonardo/projeto/api/public/index.php(28): Laravel\\Lumen\\Application->run()
#20 {main}
"} 
[2023-07-13 17:55:14] local.ERROR: A facade root has not been set. {"exception":"[object] (RuntimeException(code: 0): A facade root has not been set. at /home/leonardo/projeto/api/vendor/illuminate/support/Facades/Facade.php:258)
[stacktrace]
#0 /home/leonardo/projeto/api/app/Http/Controllers/ClienteController.php(36): Illuminate\\Support\\Facades\\Facade::__callStatic()
#1 /home/leonardo/projeto/api/vendor/illuminate/container/BoundMethod.php(36): App\\Http\\Controllers\\ClienteController->store()
#2 /home/leonardo/projeto/api/vendor/illuminate/container/Util.php(40): Illuminate\\Container\\BoundMethod::Illuminate\\Container\\{closure}()
#3 /home/leonardo/projeto/api/vendor/illuminate/container/BoundMethod.php(93): Illuminate\\Container\\Util::unwrapIfClosure()
#4 /home/leonardo/projeto/api/vendor/illuminate/container/BoundMethod.php(37): Illuminate\\Container\\BoundMethod::callBoundMethod()
#5 /home/leonardo/projeto/api/vendor/illuminate/container/Container.php(653): Illuminate\\Container\\BoundMethod::call()
#6 /home/leonardo/projeto/api/vendor/laravel/lumen-framework/src/Concerns/RoutesRequests.php(389): Illuminate\\Container\\Container->call()
#7 /home/leonardo/projeto/api/vendor/laravel/lumen-framework/src/Concerns/RoutesRequests.php(332): Laravel\\Lumen\\Application->callControllerCallable()
#8 /home/leonardo/projeto/api/vendor/laravel/lumen-framework/src/Concerns/RoutesRequests.php(282): Laravel\\Lumen\\Application->callControllerAction()
#9 /home/leonardo/projeto/api/vendor/laravel/lumen-framework/src/Concerns/RoutesRequests.php(267): Laravel\\Lumen\\Application->callActionOnArrayBasedRoute()
#10 /home/leonardo/projeto/api/vendor/laravel/lumen-framework/src/Concerns/RoutesRequests.php(169): Laravel\\Lumen\\Application->handleFoundRoute()
#11 /home/leonardo/projeto/api/vendor/laravel/lumen-framework/src/Routing/Pipeline.php(48): Laravel\\Lumen\\Application->Laravel\\Lumen\\Concerns\\{closure}()
#12 /home/leonardo/projeto/api/app/Http/Middleware/CorsMiddleware.php(34): Laravel\\Lumen\\Routing\\Pipeline->Laravel\\Lumen\\Routing\\{closure}()
#13 /home/leonardo/projeto/api/vendor/illuminate/pipeline/Pipeline.php(167): App\\Http\\Middleware\\CorsMiddleware->handle()
#14 /home/leonardo/projeto/api/vendor/laravel/lumen-framework/src/Routing/Pipeline.php(30): Illuminate\\Pipeline\\Pipeline->Illuminate\\Pipeline\\{closure}()
#15 /home/leonardo/projeto/api/vendor/illuminate/pipeline/Pipeline.php(103): Laravel\\Lumen\\Routing\\Pipeline->Laravel\\Lumen\\Routing\\{closure}()
#16 /home/leonardo/projeto/api/vendor/laravel/lumen-framework/src/Concerns/RoutesRequests.php(426): Illuminate\\Pipeline\\Pipeline->then()
#17 /home/leonardo/projeto/api/vendor/laravel/lumen-framework/src/Concerns/RoutesRequests.php(175): Laravel\\Lumen\\Application->sendThroughPipeline()
#18 /home/leonardo/projeto/api/vendor/laravel/lumen-framework/src/Concerns/RoutesRequests.php(112): Laravel\\Lumen\\Application->dispatch()
#19 /home/leonardo/projeto/api/public/index.php(28): Laravel\\Lumen\\Application->run()
#20 {main}
"} 
[2023-07-13 17:56:40] local.ERROR: A facade root has not been set. {"exception":"[object] (RuntimeException(code: 0): A facade root has not been set. at /home/leonardo/projeto/api/vendor/illuminate/support/Facades/Facade.php:258)
[stacktrace]
#0 /home/leonardo/projeto/api/app/Http/Controllers/ClienteController.php(36): Illuminate\\Support\\Facades\\Facade::__callStatic()
#1 /home/leonardo/projeto/api/vendor/illuminate/container/BoundMethod.php(36): App\\Http\\Controllers\\ClienteController->store()
#2 /home/leonardo/projeto/api/vendor/illuminate/container/Util.php(40): Illuminate\\Container\\BoundMethod::Illuminate\\Container\\{closure}()
#3 /home/leonardo/projeto/api/vendor/illuminate/container/BoundMethod.php(93): Illuminate\\Container\\Util::unwrapIfClosure()
#4 /home/leonardo/projeto/api/vendor/illuminate/container/BoundMethod.php(37): Illuminate\\Container\\BoundMethod::callBoundMethod()
#5 /home/leonardo/projeto/api/vendor/illuminate/container/Container.php(653): Illuminate\\Container\\BoundMethod::call()
#6 /home/leonardo/projeto/api/vendor/laravel/lumen-framework/src/Concerns/RoutesRequests.php(389): Illuminate\\Container\\Container->call()
#7 /home/leonardo/projeto/api/vendor/laravel/lumen-framework/src/Concerns/RoutesRequests.php(332): Laravel\\Lumen\\Application->callControllerCallable()
#8 /home/leonardo/projeto/api/vendor/laravel/lumen-framework/src/Concerns/RoutesRequests.php(282): Laravel\\Lumen\\Application->callControllerAction()
#9 /home/leonardo/projeto/api/vendor/laravel/lumen-framework/src/Concerns/RoutesRequests.php(267): Laravel\\Lumen\\Application->callActionOnArrayBasedRoute()
#10 /home/leonardo/projeto/api/vendor/laravel/lumen-framework/src/Concerns/RoutesRequests.php(169): Laravel\\Lumen\\Application->handleFoundRoute()
#11 /home/leonardo/projeto/api/vendor/laravel/lumen-framework/src/Routing/Pipeline.php(48): Laravel\\Lumen\\Application->Laravel\\Lumen\\Concerns\\{closure}()
#12 /home/leonardo/projeto/api/app/Http/Middleware/CorsMiddleware.php(34): Laravel\\Lumen\\Routing\\Pipeline->Laravel\\Lumen\\Routing\\{closure}()
#13 /home/leonardo/projeto/api/vendor/illuminate/pipeline/Pipeline.php(167): App\\Http\\Middleware\\CorsMiddleware->handle()
#14 /home/leonardo/projeto/api/vendor/laravel/lumen-framework/src/Routing/Pipeline.php(30): Illuminate\\Pipeline\\Pipeline->Illuminate\\Pipeline\\{closure}()
#15 /home/leonardo/projeto/api/vendor/illuminate/pipeline/Pipeline.php(103): Laravel\\Lumen\\Routing\\Pipeline->Laravel\\Lumen\\Routing\\{closure}()
#16 /home/leonardo/projeto/api/vendor/laravel/lumen-framework/src/Concerns/RoutesRequests.php(426): Illuminate\\Pipeline\\Pipeline->then()
#17 /home/leonardo/projeto/api/vendor/laravel/lumen-framework/src/Concerns/RoutesRequests.php(175): Laravel\\Lumen\\Application->sendThroughPipeline()
#18 /home/leonardo/projeto/api/vendor/laravel/lumen-framework/src/Concerns/RoutesRequests.php(112): Laravel\\Lumen\\Application->dispatch()
#19 /home/leonardo/projeto/api/public/index.php(28): Laravel\\Lumen\\Application->run()
#20 {main}
"} 
[2023-07-13 18:02:13] local.ERROR: A facade root has not been set. {"exception":"[object] (RuntimeException(code: 0): A facade root has not been set. at /home/leonardo/projeto/api/vendor/illuminate/support/Facades/Facade.php:258)
[stacktrace]
#0 /home/leonardo/projeto/api/app/Http/Controllers/ClienteController.php(36): Illuminate\\Support\\Facades\\Facade::__callStatic()
#1 /home/leonardo/projeto/api/vendor/illuminate/container/BoundMethod.php(36): App\\Http\\Controllers\\ClienteController->store()
#2 /home/leonardo/projeto/api/vendor/illuminate/container/Util.php(40): Illuminate\\Container\\BoundMethod::Illuminate\\Container\\{closure}()
#3 /home/leonardo/projeto/api/vendor/illuminate/container/BoundMethod.php(93): Illuminate\\Container\\Util::unwrapIfClosure()
#4 /home/leonardo/projeto/api/vendor/illuminate/container/BoundMethod.php(37): Illuminate\\Container\\BoundMethod::callBoundMethod()
#5 /home/leonardo/projeto/api/vendor/illuminate/container/Container.php(653): Illuminate\\Container\\BoundMethod::call()
#6 /home/leonardo/projeto/api/vendor/laravel/lumen-framework/src/Concerns/RoutesRequests.php(389): Illuminate\\Container\\Container->call()
#7 /home/leonardo/projeto/api/vendor/laravel/lumen-framework/src/Concerns/RoutesRequests.php(332): Laravel\\Lumen\\Application->callControllerCallable()
#8 /home/leonardo/projeto/api/vendor/laravel/lumen-framework/src/Concerns/RoutesRequests.php(282): Laravel\\Lumen\\Application->callControllerAction()
#9 /home/leonardo/projeto/api/vendor/laravel/lumen-framework/src/Concerns/RoutesRequests.php(267): Laravel\\Lumen\\Application->callActionOnArrayBasedRoute()
#10 /home/leonardo/projeto/api/vendor/laravel/lumen-framework/src/Concerns/RoutesRequests.php(169): Laravel\\Lumen\\Application->handleFoundRoute()
#11 /home/leonardo/projeto/api/vendor/laravel/lumen-framework/src/Routing/Pipeline.php(48): Laravel\\Lumen\\Application->Laravel\\Lumen\\Concerns\\{closure}()
#12 /home/leonardo/projeto/api/app/Http/Middleware/CorsMiddleware.php(34): Laravel\\Lumen\\Routing\\Pipeline->Laravel\\Lumen\\Routing\\{closure}()
#13 /home/leonardo/projeto/api/vendor/illuminate/pipeline/Pipeline.php(167): App\\Http\\Middleware\\CorsMiddleware->handle()
#14 /home/leonardo/projeto/api/vendor/laravel/lumen-framework/src/Routing/Pipeline.php(30): Illuminate\\Pipeline\\Pipeline->Illuminate\\Pipeline\\{closure}()
#15 /home/leonardo/projeto/api/vendor/illuminate/pipeline/Pipeline.php(103): Laravel\\Lumen\\Routing\\Pipeline->Laravel\\Lumen\\Routing\\{closure}()
#16 /home/leonardo/projeto/api/vendor/laravel/lumen-framework/src/Concerns/RoutesRequests.php(426): Illuminate\\Pipeline\\Pipeline->then()
#17 /home/leonardo/projeto/api/vendor/laravel/lumen-framework/src/Concerns/RoutesRequests.php(175): Laravel\\Lumen\\Application->sendThroughPipeline()
#18 /home/leonardo/projeto/api/vendor/laravel/lumen-framework/src/Concerns/RoutesRequests.php(112): Laravel\\Lumen\\Application->dispatch()
#19 /home/leonardo/projeto/api/public/index.php(28): Laravel\\Lumen\\Application->run()
#20 {main}
"} 
[2023-07-13 18:02:23] local.ERROR: A facade root has not been set. {"exception":"[object] (RuntimeException(code: 0): A facade root has not been set. at /home/leonardo/projeto/api/vendor/illuminate/support/Facades/Facade.php:258)
[stacktrace]
#0 /home/leonardo/projeto/api/app/Http/Controllers/ClienteController.php(36): Illuminate\\Support\\Facades\\Facade::__callStatic()
#1 /home/leonardo/projeto/api/vendor/illuminate/container/BoundMethod.php(36): App\\Http\\Controllers\\ClienteController->store()
#2 /home/leonardo/projeto/api/vendor/illuminate/container/Util.php(40): Illuminate\\Container\\BoundMethod::Illuminate\\Container\\{closure}()
#3 /home/leonardo/projeto/api/vendor/illuminate/container/BoundMethod.php(93): Illuminate\\Container\\Util::unwrapIfClosure()
#4 /home/leonardo/projeto/api/vendor/illuminate/container/BoundMethod.php(37): Illuminate\\Container\\BoundMethod::callBoundMethod()
#5 /home/leonardo/projeto/api/vendor/illuminate/container/Container.php(653): Illuminate\\Container\\BoundMethod::call()
#6 /home/leonardo/projeto/api/vendor/laravel/lumen-framework/src/Concerns/RoutesRequests.php(389): Illuminate\\Container\\Container->call()
#7 /home/leonardo/projeto/api/vendor/laravel/lumen-framework/src/Concerns/RoutesRequests.php(332): Laravel\\Lumen\\Application->callControllerCallable()
#8 /home/leonardo/projeto/api/vendor/laravel/lumen-framework/src/Concerns/RoutesRequests.php(282): Laravel\\Lumen\\Application->callControllerAction()
#9 /home/leonardo/projeto/api/vendor/laravel/lumen-framework/src/Concerns/RoutesRequests.php(267): Laravel\\Lumen\\Application->callActionOnArrayBasedRoute()
#10 /home/leonardo/projeto/api/vendor/laravel/lumen-framework/src/Concerns/RoutesRequests.php(169): Laravel\\Lumen\\Application->handleFoundRoute()
#11 /home/leonardo/projeto/api/vendor/laravel/lumen-framework/src/Routing/Pipeline.php(48): Laravel\\Lumen\\Application->Laravel\\Lumen\\Concerns\\{closure}()
#12 /home/leonardo/projeto/api/app/Http/Middleware/CorsMiddleware.php(34): Laravel\\Lumen\\Routing\\Pipeline->Laravel\\Lumen\\Routing\\{closure}()
#13 /home/leonardo/projeto/api/vendor/illuminate/pipeline/Pipeline.php(167): App\\Http\\Middleware\\CorsMiddleware->handle()
#14 /home/leonardo/projeto/api/vendor/laravel/lumen-framework/src/Routing/Pipeline.php(30): Illuminate\\Pipeline\\Pipeline->Illuminate\\Pipeline\\{closure}()
#15 /home/leonardo/projeto/api/vendor/illuminate/pipeline/Pipeline.php(103): Laravel\\Lumen\\Routing\\Pipeline->Laravel\\Lumen\\Routing\\{closure}()
#16 /home/leonardo/projeto/api/vendor/laravel/lumen-framework/src/Concerns/RoutesRequests.php(426): Illuminate\\Pipeline\\Pipeline->then()
#17 /home/leonardo/projeto/api/vendor/laravel/lumen-framework/src/Concerns/RoutesRequests.php(175): Laravel\\Lumen\\Application->sendThroughPipeline()
#18 /home/leonardo/projeto/api/vendor/laravel/lumen-framework/src/Concerns/RoutesRequests.php(112): Laravel\\Lumen\\Application->dispatch()
#19 /home/leonardo/projeto/api/public/index.php(28): Laravel\\Lumen\\Application->run()
#20 {main}
"} 
[2023-07-13 18:02:34] local.ERROR: A facade root has not been set. {"exception":"[object] (RuntimeException(code: 0): A facade root has not been set. at /home/leonardo/projeto/api/vendor/illuminate/support/Facades/Facade.php:258)
[stacktrace]
#0 /home/leonardo/projeto/api/app/Http/Controllers/ClienteController.php(36): Illuminate\\Support\\Facades\\Facade::__callStatic()
#1 /home/leonardo/projeto/api/vendor/illuminate/container/BoundMethod.php(36): App\\Http\\Controllers\\ClienteController->store()
#2 /home/leonardo/projeto/api/vendor/illuminate/container/Util.php(40): Illuminate\\Container\\BoundMethod::Illuminate\\Container\\{closure}()
#3 /home/leonardo/projeto/api/vendor/illuminate/container/BoundMethod.php(93): Illuminate\\Container\\Util::unwrapIfClosure()
#4 /home/leonardo/projeto/api/vendor/illuminate/container/BoundMethod.php(37): Illuminate\\Container\\BoundMethod::callBoundMethod()
#5 /home/leonardo/projeto/api/vendor/illuminate/container/Container.php(653): Illuminate\\Container\\BoundMethod::call()
#6 /home/leonardo/projeto/api/vendor/laravel/lumen-framework/src/Concerns/RoutesRequests.php(389): Illuminate\\Container\\Container->call()
#7 /home/leonardo/projeto/api/vendor/laravel/lumen-framework/src/Concerns/RoutesRequests.php(332): Laravel\\Lumen\\Application->callControllerCallable()
#8 /home/leonardo/projeto/api/vendor/laravel/lumen-framework/src/Concerns/RoutesRequests.php(282): Laravel\\Lumen\\Application->callControllerAction()
#9 /home/leonardo/projeto/api/vendor/laravel/lumen-framework/src/Concerns/RoutesRequests.php(267): Laravel\\Lumen\\Application->callActionOnArrayBasedRoute()
#10 /home/leonardo/projeto/api/vendor/laravel/lumen-framework/src/Concerns/RoutesRequests.php(169): Laravel\\Lumen\\Application->handleFoundRoute()
#11 /home/leonardo/projeto/api/vendor/laravel/lumen-framework/src/Routing/Pipeline.php(48): Laravel\\Lumen\\Application->Laravel\\Lumen\\Concerns\\{closure}()
#12 /home/leonardo/projeto/api/app/Http/Middleware/CorsMiddleware.php(34): Laravel\\Lumen\\Routing\\Pipeline->Laravel\\Lumen\\Routing\\{closure}()
#13 /home/leonardo/projeto/api/vendor/illuminate/pipeline/Pipeline.php(167): App\\Http\\Middleware\\CorsMiddleware->handle()
#14 /home/leonardo/projeto/api/vendor/laravel/lumen-framework/src/Routing/Pipeline.php(30): Illuminate\\Pipeline\\Pipeline->Illuminate\\Pipeline\\{closure}()
#15 /home/leonardo/projeto/api/vendor/illuminate/pipeline/Pipeline.php(103): Laravel\\Lumen\\Routing\\Pipeline->Laravel\\Lumen\\Routing\\{closure}()
#16 /home/leonardo/projeto/api/vendor/laravel/lumen-framework/src/Concerns/RoutesRequests.php(426): Illuminate\\Pipeline\\Pipeline->then()
#17 /home/leonardo/projeto/api/vendor/laravel/lumen-framework/src/Concerns/RoutesRequests.php(175): Laravel\\Lumen\\Application->sendThroughPipeline()
#18 /home/leonardo/projeto/api/vendor/laravel/lumen-framework/src/Concerns/RoutesRequests.php(112): Laravel\\Lumen\\Application->dispatch()
#19 /home/leonardo/projeto/api/public/index.php(28): Laravel\\Lumen\\Application->run()
#20 {main}
"} 
[2023-07-13 18:03:37] local.ERROR: A facade root has not been set. {"exception":"[object] (RuntimeException(code: 0): A facade root has not been set. at /home/leonardo/projeto/api/vendor/illuminate/support/Facades/Facade.php:258)
[stacktrace]
#0 /home/leonardo/projeto/api/app/Http/Controllers/ClienteController.php(36): Illuminate\\Support\\Facades\\Facade::__callStatic()
#1 /home/leonardo/projeto/api/vendor/illuminate/container/BoundMethod.php(36): App\\Http\\Controllers\\ClienteController->store()
#2 /home/leonardo/projeto/api/vendor/illuminate/container/Util.php(40): Illuminate\\Container\\BoundMethod::Illuminate\\Container\\{closure}()
#3 /home/leonardo/projeto/api/vendor/illuminate/container/BoundMethod.php(93): Illuminate\\Container\\Util::unwrapIfClosure()
#4 /home/leonardo/projeto/api/vendor/illuminate/container/BoundMethod.php(37): Illuminate\\Container\\BoundMethod::callBoundMethod()
#5 /home/leonardo/projeto/api/vendor/illuminate/container/Container.php(653): Illuminate\\Container\\BoundMethod::call()
#6 /home/leonardo/projeto/api/vendor/laravel/lumen-framework/src/Concerns/RoutesRequests.php(389): Illuminate\\Container\\Container->call()
#7 /home/leonardo/projeto/api/vendor/laravel/lumen-framework/src/Concerns/RoutesRequests.php(332): Laravel\\Lumen\\Application->callControllerCallable()
#8 /home/leonardo/projeto/api/vendor/laravel/lumen-framework/src/Concerns/RoutesRequests.php(282): Laravel\\Lumen\\Application->callControllerAction()
#9 /home/leonardo/projeto/api/vendor/laravel/lumen-framework/src/Concerns/RoutesRequests.php(267): Laravel\\Lumen\\Application->callActionOnArrayBasedRoute()
#10 /home/leonardo/projeto/api/vendor/laravel/lumen-framework/src/Concerns/RoutesRequests.php(169): Laravel\\Lumen\\Application->handleFoundRoute()
#11 /home/leonardo/projeto/api/vendor/laravel/lumen-framework/src/Routing/Pipeline.php(48): Laravel\\Lumen\\Application->Laravel\\Lumen\\Concerns\\{closure}()
#12 /home/leonardo/projeto/api/app/Http/Middleware/CorsMiddleware.php(34): Laravel\\Lumen\\Routing\\Pipeline->Laravel\\Lumen\\Routing\\{closure}()
#13 /home/leonardo/projeto/api/vendor/illuminate/pipeline/Pipeline.php(167): App\\Http\\Middleware\\CorsMiddleware->handle()
#14 /home/leonardo/projeto/api/vendor/laravel/lumen-framework/src/Routing/Pipeline.php(30): Illuminate\\Pipeline\\Pipeline->Illuminate\\Pipeline\\{closure}()
#15 /home/leonardo/projeto/api/vendor/illuminate/pipeline/Pipeline.php(103): Laravel\\Lumen\\Routing\\Pipeline->Laravel\\Lumen\\Routing\\{closure}()
#16 /home/leonardo/projeto/api/vendor/laravel/lumen-framework/src/Concerns/RoutesRequests.php(426): Illuminate\\Pipeline\\Pipeline->then()
#17 /home/leonardo/projeto/api/vendor/laravel/lumen-framework/src/Concerns/RoutesRequests.php(175): Laravel\\Lumen\\Application->sendThroughPipeline()
#18 /home/leonardo/projeto/api/vendor/laravel/lumen-framework/src/Concerns/RoutesRequests.php(112): Laravel\\Lumen\\Application->dispatch()
#19 /home/leonardo/projeto/api/public/index.php(28): Laravel\\Lumen\\Application->run()
#20 {main}
"} 
[2023-07-13 18:04:18] local.ERROR: A facade root has not been set. {"exception":"[object] (RuntimeException(code: 0): A facade root has not been set. at /home/leonardo/projeto/api/vendor/illuminate/support/Facades/Facade.php:258)
[stacktrace]
#0 /home/leonardo/projeto/api/app/Http/Controllers/ClienteController.php(36): Illuminate\\Support\\Facades\\Facade::__callStatic()
#1 /home/leonardo/projeto/api/vendor/illuminate/container/BoundMethod.php(36): App\\Http\\Controllers\\ClienteController->store()
#2 /home/leonardo/projeto/api/vendor/illuminate/container/Util.php(40): Illuminate\\Container\\BoundMethod::Illuminate\\Container\\{closure}()
#3 /home/leonardo/projeto/api/vendor/illuminate/container/BoundMethod.php(93): Illuminate\\Container\\Util::unwrapIfClosure()
#4 /home/leonardo/projeto/api/vendor/illuminate/container/BoundMethod.php(37): Illuminate\\Container\\BoundMethod::callBoundMethod()
#5 /home/leonardo/projeto/api/vendor/illuminate/container/Container.php(653): Illuminate\\Container\\BoundMethod::call()
#6 /home/leonardo/projeto/api/vendor/laravel/lumen-framework/src/Concerns/RoutesRequests.php(389): Illuminate\\Container\\Container->call()
#7 /home/leonardo/projeto/api/vendor/laravel/lumen-framework/src/Concerns/RoutesRequests.php(332): Laravel\\Lumen\\Application->callControllerCallable()
#8 /home/leonardo/projeto/api/vendor/laravel/lumen-framework/src/Concerns/RoutesRequests.php(282): Laravel\\Lumen\\Application->callControllerAction()
#9 /home/leonardo/projeto/api/vendor/laravel/lumen-framework/src/Concerns/RoutesRequests.php(267): Laravel\\Lumen\\Application->callActionOnArrayBasedRoute()
#10 /home/leonardo/projeto/api/vendor/laravel/lumen-framework/src/Concerns/RoutesRequests.php(169): Laravel\\Lumen\\Application->handleFoundRoute()
#11 /home/leonardo/projeto/api/vendor/laravel/lumen-framework/src/Routing/Pipeline.php(48): Laravel\\Lumen\\Application->Laravel\\Lumen\\Concerns\\{closure}()
#12 /home/leonardo/projeto/api/app/Http/Middleware/CorsMiddleware.php(34): Laravel\\Lumen\\Routing\\Pipeline->Laravel\\Lumen\\Routing\\{closure}()
#13 /home/leonardo/projeto/api/vendor/illuminate/pipeline/Pipeline.php(167): App\\Http\\Middleware\\CorsMiddleware->handle()
#14 /home/leonardo/projeto/api/vendor/laravel/lumen-framework/src/Routing/Pipeline.php(30): Illuminate\\Pipeline\\Pipeline->Illuminate\\Pipeline\\{closure}()
#15 /home/leonardo/projeto/api/vendor/illuminate/pipeline/Pipeline.php(103): Laravel\\Lumen\\Routing\\Pipeline->Laravel\\Lumen\\Routing\\{closure}()
#16 /home/leonardo/projeto/api/vendor/laravel/lumen-framework/src/Concerns/RoutesRequests.php(426): Illuminate\\Pipeline\\Pipeline->then()
#17 /home/leonardo/projeto/api/vendor/laravel/lumen-framework/src/Concerns/RoutesRequests.php(175): Laravel\\Lumen\\Application->sendThroughPipeline()
#18 /home/leonardo/projeto/api/vendor/laravel/lumen-framework/src/Concerns/RoutesRequests.php(112): Laravel\\Lumen\\Application->dispatch()
#19 /home/leonardo/projeto/api/public/index.php(28): Laravel\\Lumen\\Application->run()
#20 {main}
"} 
[2023-07-13 18:25:29] local.ERROR: A facade root has not been set. {"exception":"[object] (RuntimeException(code: 0): A facade root has not been set. at /home/leonardo/projeto/api/vendor/illuminate/support/Facades/Facade.php:258)
[stacktrace]
#0 /home/leonardo/projeto/api/app/Http/Controllers/ClienteController.php(36): Illuminate\\Support\\Facades\\Facade::__callStatic()
#1 /home/leonardo/projeto/api/vendor/illuminate/container/BoundMethod.php(36): App\\Http\\Controllers\\ClienteController->store()
#2 /home/leonardo/projeto/api/vendor/illuminate/container/Util.php(40): Illuminate\\Container\\BoundMethod::Illuminate\\Container\\{closure}()
#3 /home/leonardo/projeto/api/vendor/illuminate/container/BoundMethod.php(93): Illuminate\\Container\\Util::unwrapIfClosure()
#4 /home/leonardo/projeto/api/vendor/illuminate/container/BoundMethod.php(37): Illuminate\\Container\\BoundMethod::callBoundMethod()
#5 /home/leonardo/projeto/api/vendor/illuminate/container/Container.php(653): Illuminate\\Container\\BoundMethod::call()
#6 /home/leonardo/projeto/api/vendor/laravel/lumen-framework/src/Concerns/RoutesRequests.php(389): Illuminate\\Container\\Container->call()
#7 /home/leonardo/projeto/api/vendor/laravel/lumen-framework/src/Concerns/RoutesRequests.php(332): Laravel\\Lumen\\Application->callControllerCallable()
#8 /home/leonardo/projeto/api/vendor/laravel/lumen-framework/src/Concerns/RoutesRequests.php(282): Laravel\\Lumen\\Application->callControllerAction()
#9 /home/leonardo/projeto/api/vendor/laravel/lumen-framework/src/Concerns/RoutesRequests.php(267): Laravel\\Lumen\\Application->callActionOnArrayBasedRoute()
#10 /home/leonardo/projeto/api/vendor/laravel/lumen-framework/src/Concerns/RoutesRequests.php(169): Laravel\\Lumen\\Application->handleFoundRoute()
#11 /home/leonardo/projeto/api/vendor/laravel/lumen-framework/src/Routing/Pipeline.php(48): Laravel\\Lumen\\Application->Laravel\\Lumen\\Concerns\\{closure}()
#12 /home/leonardo/projeto/api/app/Http/Middleware/CorsMiddleware.php(34): Laravel\\Lumen\\Routing\\Pipeline->Laravel\\Lumen\\Routing\\{closure}()
#13 /home/leonardo/projeto/api/vendor/illuminate/pipeline/Pipeline.php(167): App\\Http\\Middleware\\CorsMiddleware->handle()
#14 /home/leonardo/projeto/api/vendor/laravel/lumen-framework/src/Routing/Pipeline.php(30): Illuminate\\Pipeline\\Pipeline->Illuminate\\Pipeline\\{closure}()
#15 /home/leonardo/projeto/api/vendor/illuminate/pipeline/Pipeline.php(103): Laravel\\Lumen\\Routing\\Pipeline->Laravel\\Lumen\\Routing\\{closure}()
#16 /home/leonardo/projeto/api/vendor/laravel/lumen-framework/src/Concerns/RoutesRequests.php(426): Illuminate\\Pipeline\\Pipeline->then()
#17 /home/leonardo/projeto/api/vendor/laravel/lumen-framework/src/Concerns/RoutesRequests.php(175): Laravel\\Lumen\\Application->sendThroughPipeline()
#18 /home/leonardo/projeto/api/vendor/laravel/lumen-framework/src/Concerns/RoutesRequests.php(112): Laravel\\Lumen\\Application->dispatch()
#19 /home/leonardo/projeto/api/public/index.php(28): Laravel\\Lumen\\Application->run()
#20 {main}
"} 
[2023-07-13 18:27:06] local.ERROR: A facade root has not been set. {"exception":"[object] (RuntimeException(code: 0): A facade root has not been set. at /home/leonardo/projeto/api/vendor/illuminate/support/Facades/Facade.php:258)
[stacktrace]
#0 /home/leonardo/projeto/api/app/Http/Controllers/ClienteController.php(50): Illuminate\\Support\\Facades\\Facade::__callStatic()
#1 /home/leonardo/projeto/api/vendor/illuminate/container/BoundMethod.php(36): App\\Http\\Controllers\\ClienteController->store()
#2 /home/leonardo/projeto/api/vendor/illuminate/container/Util.php(40): Illuminate\\Container\\BoundMethod::Illuminate\\Container\\{closure}()
#3 /home/leonardo/projeto/api/vendor/illuminate/container/BoundMethod.php(93): Illuminate\\Container\\Util::unwrapIfClosure()
#4 /home/leonardo/projeto/api/vendor/illuminate/container/BoundMethod.php(37): Illuminate\\Container\\BoundMethod::callBoundMethod()
#5 /home/leonardo/projeto/api/vendor/illuminate/container/Container.php(653): Illuminate\\Container\\BoundMethod::call()
#6 /home/leonardo/projeto/api/vendor/laravel/lumen-framework/src/Concerns/RoutesRequests.php(389): Illuminate\\Container\\Container->call()
#7 /home/leonardo/projeto/api/vendor/laravel/lumen-framework/src/Concerns/RoutesRequests.php(332): Laravel\\Lumen\\Application->callControllerCallable()
#8 /home/leonardo/projeto/api/vendor/laravel/lumen-framework/src/Concerns/RoutesRequests.php(282): Laravel\\Lumen\\Application->callControllerAction()
#9 /home/leonardo/projeto/api/vendor/laravel/lumen-framework/src/Concerns/RoutesRequests.php(267): Laravel\\Lumen\\Application->callActionOnArrayBasedRoute()
#10 /home/leonardo/projeto/api/vendor/laravel/lumen-framework/src/Concerns/RoutesRequests.php(169): Laravel\\Lumen\\Application->handleFoundRoute()
#11 /home/leonardo/projeto/api/vendor/laravel/lumen-framework/src/Routing/Pipeline.php(48): Laravel\\Lumen\\Application->Laravel\\Lumen\\Concerns\\{closure}()
#12 /home/leonardo/projeto/api/app/Http/Middleware/CorsMiddleware.php(34): Laravel\\Lumen\\Routing\\Pipeline->Laravel\\Lumen\\Routing\\{closure}()
#13 /home/leonardo/projeto/api/vendor/illuminate/pipeline/Pipeline.php(167): App\\Http\\Middleware\\CorsMiddleware->handle()
#14 /home/leonardo/projeto/api/vendor/laravel/lumen-framework/src/Routing/Pipeline.php(30): Illuminate\\Pipeline\\Pipeline->Illuminate\\Pipeline\\{closure}()
#15 /home/leonardo/projeto/api/vendor/illuminate/pipeline/Pipeline.php(103): Laravel\\Lumen\\Routing\\Pipeline->Laravel\\Lumen\\Routing\\{closure}()
#16 /home/leonardo/projeto/api/vendor/laravel/lumen-framework/src/Concerns/RoutesRequests.php(426): Illuminate\\Pipeline\\Pipeline->then()
#17 /home/leonardo/projeto/api/vendor/laravel/lumen-framework/src/Concerns/RoutesRequests.php(175): Laravel\\Lumen\\Application->sendThroughPipeline()
#18 /home/leonardo/projeto/api/vendor/laravel/lumen-framework/src/Concerns/RoutesRequests.php(112): Laravel\\Lumen\\Application->dispatch()
#19 /home/leonardo/projeto/api/public/index.php(28): Laravel\\Lumen\\Application->run()
#20 {main}
"} 
[2023-07-13 18:30:56] local.ERROR: A facade root has not been set. {"exception":"[object] (RuntimeException(code: 0): A facade root has not been set. at /home/leonardo/projeto/api/vendor/illuminate/support/Facades/Facade.php:258)
[stacktrace]
#0 /home/leonardo/projeto/api/app/Http/Controllers/ClienteController.php(50): Illuminate\\Support\\Facades\\Facade::__callStatic()
#1 /home/leonardo/projeto/api/vendor/illuminate/container/BoundMethod.php(36): App\\Http\\Controllers\\ClienteController->store()
#2 /home/leonardo/projeto/api/vendor/illuminate/container/Util.php(40): Illuminate\\Container\\BoundMethod::Illuminate\\Container\\{closure}()
#3 /home/leonardo/projeto/api/vendor/illuminate/container/BoundMethod.php(93): Illuminate\\Container\\Util::unwrapIfClosure()
#4 /home/leonardo/projeto/api/vendor/illuminate/container/BoundMethod.php(37): Illuminate\\Container\\BoundMethod::callBoundMethod()
#5 /home/leonardo/projeto/api/vendor/illuminate/container/Container.php(653): Illuminate\\Container\\BoundMethod::call()
#6 /home/leonardo/projeto/api/vendor/laravel/lumen-framework/src/Concerns/RoutesRequests.php(389): Illuminate\\Container\\Container->call()
#7 /home/leonardo/projeto/api/vendor/laravel/lumen-framework/src/Concerns/RoutesRequests.php(332): Laravel\\Lumen\\Application->callControllerCallable()
#8 /home/leonardo/projeto/api/vendor/laravel/lumen-framework/src/Concerns/RoutesRequests.php(282): Laravel\\Lumen\\Application->callControllerAction()
#9 /home/leonardo/projeto/api/vendor/laravel/lumen-framework/src/Concerns/RoutesRequests.php(267): Laravel\\Lumen\\Application->callActionOnArrayBasedRoute()
#10 /home/leonardo/projeto/api/vendor/laravel/lumen-framework/src/Concerns/RoutesRequests.php(169): Laravel\\Lumen\\Application->handleFoundRoute()
#11 /home/leonardo/projeto/api/vendor/laravel/lumen-framework/src/Routing/Pipeline.php(48): Laravel\\Lumen\\Application->Laravel\\Lumen\\Concerns\\{closure}()
#12 /home/leonardo/projeto/api/app/Http/Middleware/CorsMiddleware.php(34): Laravel\\Lumen\\Routing\\Pipeline->Laravel\\Lumen\\Routing\\{closure}()
#13 /home/leonardo/projeto/api/vendor/illuminate/pipeline/Pipeline.php(167): App\\Http\\Middleware\\CorsMiddleware->handle()
#14 /home/leonardo/projeto/api/vendor/laravel/lumen-framework/src/Routing/Pipeline.php(30): Illuminate\\Pipeline\\Pipeline->Illuminate\\Pipeline\\{closure}()
#15 /home/leonardo/projeto/api/vendor/illuminate/pipeline/Pipeline.php(103): Laravel\\Lumen\\Routing\\Pipeline->Laravel\\Lumen\\Routing\\{closure}()
#16 /home/leonardo/projeto/api/vendor/laravel/lumen-framework/src/Concerns/RoutesRequests.php(426): Illuminate\\Pipeline\\Pipeline->then()
#17 /home/leonardo/projeto/api/vendor/laravel/lumen-framework/src/Concerns/RoutesRequests.php(175): Laravel\\Lumen\\Application->sendThroughPipeline()
#18 /home/leonardo/projeto/api/vendor/laravel/lumen-framework/src/Concerns/RoutesRequests.php(112): Laravel\\Lumen\\Application->dispatch()
#19 /home/leonardo/projeto/api/public/index.php(28): Laravel\\Lumen\\Application->run()
#20 {main}
"} 
[2023-07-13 18:31:41] local.ERROR: A facade root has not been set. {"exception":"[object] (RuntimeException(code: 0): A facade root has not been set. at /home/leonardo/projeto/api/vendor/illuminate/support/Facades/Facade.php:258)
[stacktrace]
#0 /home/leonardo/projeto/api/app/Http/Controllers/ClienteController.php(50): Illuminate\\Support\\Facades\\Facade::__callStatic()
#1 /home/leonardo/projeto/api/vendor/illuminate/container/BoundMethod.php(36): App\\Http\\Controllers\\ClienteController->store()
#2 /home/leonardo/projeto/api/vendor/illuminate/container/Util.php(40): Illuminate\\Container\\BoundMethod::Illuminate\\Container\\{closure}()
#3 /home/leonardo/projeto/api/vendor/illuminate/container/BoundMethod.php(93): Illuminate\\Container\\Util::unwrapIfClosure()
#4 /home/leonardo/projeto/api/vendor/illuminate/container/BoundMethod.php(37): Illuminate\\Container\\BoundMethod::callBoundMethod()
#5 /home/leonardo/projeto/api/vendor/illuminate/container/Container.php(653): Illuminate\\Container\\BoundMethod::call()
#6 /home/leonardo/projeto/api/vendor/laravel/lumen-framework/src/Concerns/RoutesRequests.php(389): Illuminate\\Container\\Container->call()
#7 /home/leonardo/projeto/api/vendor/laravel/lumen-framework/src/Concerns/RoutesRequests.php(332): Laravel\\Lumen\\Application->callControllerCallable()
#8 /home/leonardo/projeto/api/vendor/laravel/lumen-framework/src/Concerns/RoutesRequests.php(282): Laravel\\Lumen\\Application->callControllerAction()
#9 /home/leonardo/projeto/api/vendor/laravel/lumen-framework/src/Concerns/RoutesRequests.php(267): Laravel\\Lumen\\Application->callActionOnArrayBasedRoute()
#10 /home/leonardo/projeto/api/vendor/laravel/lumen-framework/src/Concerns/RoutesRequests.php(169): Laravel\\Lumen\\Application->handleFoundRoute()
#11 /home/leonardo/projeto/api/vendor/laravel/lumen-framework/src/Routing/Pipeline.php(48): Laravel\\Lumen\\Application->Laravel\\Lumen\\Concerns\\{closure}()
#12 /home/leonardo/projeto/api/app/Http/Middleware/CorsMiddleware.php(34): Laravel\\Lumen\\Routing\\Pipeline->Laravel\\Lumen\\Routing\\{closure}()
#13 /home/leonardo/projeto/api/vendor/illuminate/pipeline/Pipeline.php(167): App\\Http\\Middleware\\CorsMiddleware->handle()
#14 /home/leonardo/projeto/api/vendor/laravel/lumen-framework/src/Routing/Pipeline.php(30): Illuminate\\Pipeline\\Pipeline->Illuminate\\Pipeline\\{closure}()
#15 /home/leonardo/projeto/api/vendor/illuminate/pipeline/Pipeline.php(103): Laravel\\Lumen\\Routing\\Pipeline->Laravel\\Lumen\\Routing\\{closure}()
#16 /home/leonardo/projeto/api/vendor/laravel/lumen-framework/src/Concerns/RoutesRequests.php(426): Illuminate\\Pipeline\\Pipeline->then()
#17 /home/leonardo/projeto/api/vendor/laravel/lumen-framework/src/Concerns/RoutesRequests.php(175): Laravel\\Lumen\\Application->sendThroughPipeline()
#18 /home/leonardo/projeto/api/vendor/laravel/lumen-framework/src/Concerns/RoutesRequests.php(112): Laravel\\Lumen\\Application->dispatch()
#19 /home/leonardo/projeto/api/public/index.php(28): Laravel\\Lumen\\Application->run()
#20 {main}
"} 
[2023-07-13 18:38:58] local.ERROR: A facade root has not been set. {"exception":"[object] (RuntimeException(code: 0): A facade root has not been set. at /home/leonardo/projeto/api/vendor/illuminate/support/Facades/Facade.php:258)
[stacktrace]
#0 /home/leonardo/projeto/api/app/Http/Controllers/ClienteController.php(50): Illuminate\\Support\\Facades\\Facade::__callStatic()
#1 /home/leonardo/projeto/api/vendor/illuminate/container/BoundMethod.php(36): App\\Http\\Controllers\\ClienteController->store()
#2 /home/leonardo/projeto/api/vendor/illuminate/container/Util.php(40): Illuminate\\Container\\BoundMethod::Illuminate\\Container\\{closure}()
#3 /home/leonardo/projeto/api/vendor/illuminate/container/BoundMethod.php(93): Illuminate\\Container\\Util::unwrapIfClosure()
#4 /home/leonardo/projeto/api/vendor/illuminate/container/BoundMethod.php(37): Illuminate\\Container\\BoundMethod::callBoundMethod()
#5 /home/leonardo/projeto/api/vendor/illuminate/container/Container.php(653): Illuminate\\Container\\BoundMethod::call()
#6 /home/leonardo/projeto/api/vendor/laravel/lumen-framework/src/Concerns/RoutesRequests.php(389): Illuminate\\Container\\Container->call()
#7 /home/leonardo/projeto/api/vendor/laravel/lumen-framework/src/Concerns/RoutesRequests.php(332): Laravel\\Lumen\\Application->callControllerCallable()
#8 /home/leonardo/projeto/api/vendor/laravel/lumen-framework/src/Concerns/RoutesRequests.php(282): Laravel\\Lumen\\Application->callControllerAction()
#9 /home/leonardo/projeto/api/vendor/laravel/lumen-framework/src/Concerns/RoutesRequests.php(267): Laravel\\Lumen\\Application->callActionOnArrayBasedRoute()
#10 /home/leonardo/projeto/api/vendor/laravel/lumen-framework/src/Concerns/RoutesRequests.php(169): Laravel\\Lumen\\Application->handleFoundRoute()
#11 /home/leonardo/projeto/api/vendor/laravel/lumen-framework/src/Routing/Pipeline.php(48): Laravel\\Lumen\\Application->Laravel\\Lumen\\Concerns\\{closure}()
#12 /home/leonardo/projeto/api/app/Http/Middleware/CorsMiddleware.php(34): Laravel\\Lumen\\Routing\\Pipeline->Laravel\\Lumen\\Routing\\{closure}()
#13 /home/leonardo/projeto/api/vendor/illuminate/pipeline/Pipeline.php(167): App\\Http\\Middleware\\CorsMiddleware->handle()
#14 /home/leonardo/projeto/api/vendor/laravel/lumen-framework/src/Routing/Pipeline.php(30): Illuminate\\Pipeline\\Pipeline->Illuminate\\Pipeline\\{closure}()
#15 /home/leonardo/projeto/api/vendor/illuminate/pipeline/Pipeline.php(103): Laravel\\Lumen\\Routing\\Pipeline->Laravel\\Lumen\\Routing\\{closure}()
#16 /home/leonardo/projeto/api/vendor/laravel/lumen-framework/src/Concerns/RoutesRequests.php(426): Illuminate\\Pipeline\\Pipeline->then()
#17 /home/leonardo/projeto/api/vendor/laravel/lumen-framework/src/Concerns/RoutesRequests.php(175): Laravel\\Lumen\\Application->sendThroughPipeline()
#18 /home/leonardo/projeto/api/vendor/laravel/lumen-framework/src/Concerns/RoutesRequests.php(112): Laravel\\Lumen\\Application->dispatch()
#19 /home/leonardo/projeto/api/public/index.php(28): Laravel\\Lumen\\Application->run()
#20 {main}
"} 
[2023-07-13 18:48:51] local.ERROR: SQLSTATE[42703]: Undefined column: 7 ERROR:  column "email" of relation "tbl_cliente" does not exist
LINE 1: insert into "tbl_cliente" ("nome", "email", "senha", "update...
                                           ^ (SQL: insert into "tbl_cliente" ("nome", "email", "senha", "updated_at", "created_at") values (?, leonardo@gmail.com, $2y$10$fJTn7FQlCXBpFa9/xauFEO36uSN1u6y.tV/BjO4CCPeVDFlTan0jG, 2023-07-13 18:48:51, 2023-07-13 18:48:51) returning "id") {"exception":"[object] (Illuminate\\Database\\QueryException(code: 42703): SQLSTATE[42703]: Undefined column: 7 ERROR:  column \"email\" of relation \"tbl_cliente\" does not exist
LINE 1: insert into \"tbl_cliente\" (\"nome\", \"email\", \"senha\", \"update...
                                           ^ (SQL: insert into \"tbl_cliente\" (\"nome\", \"email\", \"senha\", \"updated_at\", \"created_at\") values (?, leonardo@gmail.com, $2y$10$fJTn7FQlCXBpFa9/xauFEO36uSN1u6y.tV/BjO4CCPeVDFlTan0jG, 2023-07-13 18:48:51, 2023-07-13 18:48:51) returning \"id\") at /home/leonardo/projeto/api/vendor/illuminate/database/Connection.php:712)
[stacktrace]
#0 /home/leonardo/projeto/api/vendor/illuminate/database/Connection.php(672): Illuminate\\Database\\Connection->runQueryCallback()
#1 /home/leonardo/projeto/api/vendor/illuminate/database/Connection.php(376): Illuminate\\Database\\Connection->run()
#2 /home/leonardo/projeto/api/vendor/illuminate/database/Connection.php(346): Illuminate\\Database\\Connection->select()
#3 /home/leonardo/projeto/api/vendor/illuminate/database/Query/Processors/PostgresProcessor.php(24): Illuminate\\Database\\Connection->selectFromWriteConnection()
#4 /home/leonardo/projeto/api/vendor/illuminate/database/Query/Builder.php(3028): Illuminate\\Database\\Query\\Processors\\PostgresProcessor->processInsertGetId()
#5 /home/leonardo/projeto/api/vendor/illuminate/database/Eloquent/Builder.php(1657): Illuminate\\Database\\Query\\Builder->insertGetId()
#6 /home/leonardo/projeto/api/vendor/illuminate/database/Eloquent/Model.php(1188): Illuminate\\Database\\Eloquent\\Builder->__call()
#7 /home/leonardo/projeto/api/vendor/illuminate/database/Eloquent/Model.php(1153): Illuminate\\Database\\Eloquent\\Model->insertAndSetId()
#8 /home/leonardo/projeto/api/vendor/illuminate/database/Eloquent/Model.php(994): Illuminate\\Database\\Eloquent\\Model->performInsert()
#9 /home/leonardo/projeto/api/app/Http/Controllers/ClienteController.php(51): Illuminate\\Database\\Eloquent\\Model->save()
#10 /home/leonardo/projeto/api/vendor/illuminate/container/BoundMethod.php(36): App\\Http\\Controllers\\ClienteController->store()
#11 /home/leonardo/projeto/api/vendor/illuminate/container/Util.php(40): Illuminate\\Container\\BoundMethod::Illuminate\\Container\\{closure}()
#12 /home/leonardo/projeto/api/vendor/illuminate/container/BoundMethod.php(93): Illuminate\\Container\\Util::unwrapIfClosure()
#13 /home/leonardo/projeto/api/vendor/illuminate/container/BoundMethod.php(37): Illuminate\\Container\\BoundMethod::callBoundMethod()
#14 /home/leonardo/projeto/api/vendor/illuminate/container/Container.php(653): Illuminate\\Container\\BoundMethod::call()
#15 /home/leonardo/projeto/api/vendor/laravel/lumen-framework/src/Concerns/RoutesRequests.php(389): Illuminate\\Container\\Container->call()
#16 /home/leonardo/projeto/api/vendor/laravel/lumen-framework/src/Concerns/RoutesRequests.php(332): Laravel\\Lumen\\Application->callControllerCallable()
#17 /home/leonardo/projeto/api/vendor/laravel/lumen-framework/src/Concerns/RoutesRequests.php(282): Laravel\\Lumen\\Application->callControllerAction()
#18 /home/leonardo/projeto/api/vendor/laravel/lumen-framework/src/Concerns/RoutesRequests.php(267): Laravel\\Lumen\\Application->callActionOnArrayBasedRoute()
#19 /home/leonardo/projeto/api/vendor/laravel/lumen-framework/src/Concerns/RoutesRequests.php(169): Laravel\\Lumen\\Application->handleFoundRoute()
#20 /home/leonardo/projeto/api/vendor/laravel/lumen-framework/src/Routing/Pipeline.php(48): Laravel\\Lumen\\Application->Laravel\\Lumen\\Concerns\\{closure}()
#21 /home/leonardo/projeto/api/app/Http/Middleware/CorsMiddleware.php(34): Laravel\\Lumen\\Routing\\Pipeline->Laravel\\Lumen\\Routing\\{closure}()
#22 /home/leonardo/projeto/api/vendor/illuminate/pipeline/Pipeline.php(167): App\\Http\\Middleware\\CorsMiddleware->handle()
#23 /home/leonardo/projeto/api/vendor/laravel/lumen-framework/src/Routing/Pipeline.php(30): Illuminate\\Pipeline\\Pipeline->Illuminate\\Pipeline\\{closure}()
#24 /home/leonardo/projeto/api/vendor/illuminate/pipeline/Pipeline.php(103): Laravel\\Lumen\\Routing\\Pipeline->Laravel\\Lumen\\Routing\\{closure}()
#25 /home/leonardo/projeto/api/vendor/laravel/lumen-framework/src/Concerns/RoutesRequests.php(426): Illuminate\\Pipeline\\Pipeline->then()
#26 /home/leonardo/projeto/api/vendor/laravel/lumen-framework/src/Concerns/RoutesRequests.php(175): Laravel\\Lumen\\Application->sendThroughPipeline()
#27 /home/leonardo/projeto/api/vendor/laravel/lumen-framework/src/Concerns/RoutesRequests.php(112): Laravel\\Lumen\\Application->dispatch()
#28 /home/leonardo/projeto/api/public/index.php(28): Laravel\\Lumen\\Application->run()
#29 {main}

[previous exception] [object] (PDOException(code: 42703): SQLSTATE[42703]: Undefined column: 7 ERROR:  column \"email\" of relation \"tbl_cliente\" does not exist
LINE 1: insert into \"tbl_cliente\" (\"nome\", \"email\", \"senha\", \"update...
                                           ^ at /home/leonardo/projeto/api/vendor/illuminate/database/Connection.php:373)
[stacktrace]
#0 /home/leonardo/projeto/api/vendor/illuminate/database/Connection.php(373): PDOStatement->execute()
#1 /home/leonardo/projeto/api/vendor/illuminate/database/Connection.php(705): Illuminate\\Database\\Connection->Illuminate\\Database\\{closure}()
#2 /home/leonardo/projeto/api/vendor/illuminate/database/Connection.php(672): Illuminate\\Database\\Connection->runQueryCallback()
#3 /home/leonardo/projeto/api/vendor/illuminate/database/Connection.php(376): Illuminate\\Database\\Connection->run()
#4 /home/leonardo/projeto/api/vendor/illuminate/database/Connection.php(346): Illuminate\\Database\\Connection->select()
#5 /home/leonardo/projeto/api/vendor/illuminate/database/Query/Processors/PostgresProcessor.php(24): Illuminate\\Database\\Connection->selectFromWriteConnection()
#6 /home/leonardo/projeto/api/vendor/illuminate/database/Query/Builder.php(3028): Illuminate\\Database\\Query\\Processors\\PostgresProcessor->processInsertGetId()
#7 /home/leonardo/projeto/api/vendor/illuminate/database/Eloquent/Builder.php(1657): Illuminate\\Database\\Query\\Builder->insertGetId()
#8 /home/leonardo/projeto/api/vendor/illuminate/database/Eloquent/Model.php(1188): Illuminate\\Database\\Eloquent\\Builder->__call()
#9 /home/leonardo/projeto/api/vendor/illuminate/database/Eloquent/Model.php(1153): Illuminate\\Database\\Eloquent\\Model->insertAndSetId()
#10 /home/leonardo/projeto/api/vendor/illuminate/database/Eloquent/Model.php(994): Illuminate\\Database\\Eloquent\\Model->performInsert()
#11 /home/leonardo/projeto/api/app/Http/Controllers/ClienteController.php(51): Illuminate\\Database\\Eloquent\\Model->save()
#12 /home/leonardo/projeto/api/vendor/illuminate/container/BoundMethod.php(36): App\\Http\\Controllers\\ClienteController->store()
#13 /home/leonardo/projeto/api/vendor/illuminate/container/Util.php(40): Illuminate\\Container\\BoundMethod::Illuminate\\Container\\{closure}()
#14 /home/leonardo/projeto/api/vendor/illuminate/container/BoundMethod.php(93): Illuminate\\Container\\Util::unwrapIfClosure()
#15 /home/leonardo/projeto/api/vendor/illuminate/container/BoundMethod.php(37): Illuminate\\Container\\BoundMethod::callBoundMethod()
#16 /home/leonardo/projeto/api/vendor/illuminate/container/Container.php(653): Illuminate\\Container\\BoundMethod::call()
#17 /home/leonardo/projeto/api/vendor/laravel/lumen-framework/src/Concerns/RoutesRequests.php(389): Illuminate\\Container\\Container->call()
#18 /home/leonardo/projeto/api/vendor/laravel/lumen-framework/src/Concerns/RoutesRequests.php(332): Laravel\\Lumen\\Application->callControllerCallable()
#19 /home/leonardo/projeto/api/vendor/laravel/lumen-framework/src/Concerns/RoutesRequests.php(282): Laravel\\Lumen\\Application->callControllerAction()
#20 /home/leonardo/projeto/api/vendor/laravel/lumen-framework/src/Concerns/RoutesRequests.php(267): Laravel\\Lumen\\Application->callActionOnArrayBasedRoute()
#21 /home/leonardo/projeto/api/vendor/laravel/lumen-framework/src/Concerns/RoutesRequests.php(169): Laravel\\Lumen\\Application->handleFoundRoute()
#22 /home/leonardo/projeto/api/vendor/laravel/lumen-framework/src/Routing/Pipeline.php(48): Laravel\\Lumen\\Application->Laravel\\Lumen\\Concerns\\{closure}()
#23 /home/leonardo/projeto/api/app/Http/Middleware/CorsMiddleware.php(34): Laravel\\Lumen\\Routing\\Pipeline->Laravel\\Lumen\\Routing\\{closure}()
#24 /home/leonardo/projeto/api/vendor/illuminate/pipeline/Pipeline.php(167): App\\Http\\Middleware\\CorsMiddleware->handle()
#25 /home/leonardo/projeto/api/vendor/laravel/lumen-framework/src/Routing/Pipeline.php(30): Illuminate\\Pipeline\\Pipeline->Illuminate\\Pipeline\\{closure}()
#26 /home/leonardo/projeto/api/vendor/illuminate/pipeline/Pipeline.php(103): Laravel\\Lumen\\Routing\\Pipeline->Laravel\\Lumen\\Routing\\{closure}()
#27 /home/leonardo/projeto/api/vendor/laravel/lumen-framework/src/Concerns/RoutesRequests.php(426): Illuminate\\Pipeline\\Pipeline->then()
#28 /home/leonardo/projeto/api/vendor/laravel/lumen-framework/src/Concerns/RoutesRequests.php(175): Laravel\\Lumen\\Application->sendThroughPipeline()
#29 /home/leonardo/projeto/api/vendor/laravel/lumen-framework/src/Concerns/RoutesRequests.php(112): Laravel\\Lumen\\Application->dispatch()
#30 /home/leonardo/projeto/api/public/index.php(28): Laravel\\Lumen\\Application->run()
#31 {main}
"} 
